Analysis & Synthesis report for zamek
Mon May 11 16:22:46 2015
Quartus II Version 9.1 Build 350 03/24/2010 Service Pack 2 SJ Web Edition


---------------------
; Table of Contents ;
---------------------
  1. Legal Notice
  2. Analysis & Synthesis Summary
  3. Analysis & Synthesis Settings
  4. Analysis & Synthesis Source Files Read
  5. Analysis & Synthesis Resource Usage Summary
  6. Analysis & Synthesis Resource Utilization by Entity
  7. User-Specified and Inferred Latches
  8. General Register Statistics
  9. Inverted Register Statistics
 10. Multiplexer Restructuring Statistics (Restructuring Performed)
 11. Analysis & Synthesis Messages



----------------
; Legal Notice ;
----------------
Copyright (C) 1991-2010 Altera Corporation
Your use of Altera Corporation's design tools, logic functions 
and other software and tools, and its AMPP partner logic 
functions, and any output files from any of the foregoing 
(including device programming or simulation files), and any 
associated documentation or information are expressly subject 
to the terms and conditions of the Altera Program License 
Subscription Agreement, Altera MegaCore Function License 
Agreement, or other applicable license agreement, including, 
without limitation, that your use is for the sole purpose of 
programming logic devices manufactured by Altera and sold by 
Altera or its authorized distributors.  Please refer to the 
applicable agreement for further details.



+-----------------------------------------------------------------------------------+
; Analysis & Synthesis Summary                                                      ;
+------------------------------------+----------------------------------------------+
; Analysis & Synthesis Status        ; Successful - Mon May 11 16:22:46 2015        ;
; Quartus II Version                 ; 9.1 Build 350 03/24/2010 SP 2 SJ Web Edition ;
; Revision Name                      ; zamek                                        ;
; Top-level Entity Name              ; zamek                                        ;
; Family                             ; Cyclone II                                   ;
; Total logic elements               ; 188                                          ;
;     Total combinational functions  ; 186                                          ;
;     Dedicated logic registers      ; 26                                           ;
; Total registers                    ; 26                                           ;
; Total pins                         ; 14                                           ;
; Total virtual pins                 ; 0                                            ;
; Total memory bits                  ; 0                                            ;
; Embedded Multiplier 9-bit elements ; 0                                            ;
; Total PLLs                         ; 0                                            ;
+------------------------------------+----------------------------------------------+


+----------------------------------------------------------------------------------------------------------------------+
; Analysis & Synthesis Settings                                                                                        ;
+----------------------------------------------------------------------------+--------------------+--------------------+
; Option                                                                     ; Setting            ; Default Value      ;
+----------------------------------------------------------------------------+--------------------+--------------------+
; Device                                                                     ; EP2C5T144C8        ;                    ;
; Top-level entity name                                                      ; zamek              ; zamek              ;
; Family name                                                                ; Cyclone II         ; Stratix II         ;
; Use Generated Physical Constraints File                                    ; Off                ;                    ;
; Use smart compilation                                                      ; Off                ; Off                ;
; Enable parallel Assembler and TimeQuest Timing Analyzer during compilation ; On                 ; On                 ;
; Enable compact report table                                                ; Off                ; Off                ;
; Restructure Multiplexers                                                   ; Auto               ; Auto               ;
; Create Debugging Nodes for IP Cores                                        ; Off                ; Off                ;
; Preserve fewer node names                                                  ; On                 ; On                 ;
; Disable OpenCore Plus hardware evaluation                                  ; Off                ; Off                ;
; Verilog Version                                                            ; Verilog_2001       ; Verilog_2001       ;
; VHDL Version                                                               ; VHDL_1993          ; VHDL_1993          ;
; State Machine Processing                                                   ; Auto               ; Auto               ;
; Safe State Machine                                                         ; Off                ; Off                ;
; Extract Verilog State Machines                                             ; On                 ; On                 ;
; Extract VHDL State Machines                                                ; On                 ; On                 ;
; Ignore Verilog initial constructs                                          ; Off                ; Off                ;
; Iteration limit for constant Verilog loops                                 ; 5000               ; 5000               ;
; Iteration limit for non-constant Verilog loops                             ; 250                ; 250                ;
; Add Pass-Through Logic to Inferred RAMs                                    ; On                 ; On                 ;
; Parallel Synthesis                                                         ; On                 ; On                 ;
; DSP Block Balancing                                                        ; Auto               ; Auto               ;
; NOT Gate Push-Back                                                         ; On                 ; On                 ;
; Power-Up Don't Care                                                        ; On                 ; On                 ;
; Remove Redundant Logic Cells                                               ; Off                ; Off                ;
; Remove Duplicate Registers                                                 ; On                 ; On                 ;
; Ignore CARRY Buffers                                                       ; Off                ; Off                ;
; Ignore CASCADE Buffers                                                     ; Off                ; Off                ;
; Ignore GLOBAL Buffers                                                      ; Off                ; Off                ;
; Ignore ROW GLOBAL Buffers                                                  ; Off                ; Off                ;
; Ignore LCELL Buffers                                                       ; Off                ; Off                ;
; Ignore SOFT Buffers                                                        ; On                 ; On                 ;
; Limit AHDL Integers to 32 Bits                                             ; Off                ; Off                ;
; Optimization Technique                                                     ; Balanced           ; Balanced           ;
; Carry Chain Length                                                         ; 70                 ; 70                 ;
; Auto Carry Chains                                                          ; On                 ; On                 ;
; Auto Open-Drain Pins                                                       ; On                 ; On                 ;
; Perform WYSIWYG Primitive Resynthesis                                      ; Off                ; Off                ;
; Auto ROM Replacement                                                       ; On                 ; On                 ;
; Auto RAM Replacement                                                       ; On                 ; On                 ;
; Auto Shift Register Replacement                                            ; Auto               ; Auto               ;
; Auto Clock Enable Replacement                                              ; On                 ; On                 ;
; Strict RAM Replacement                                                     ; Off                ; Off                ;
; Allow Synchronous Control Signals                                          ; On                 ; On                 ;
; Force Use of Synchronous Clear Signals                                     ; Off                ; Off                ;
; Auto RAM to Logic Cell Conversion                                          ; Off                ; Off                ;
; Auto Resource Sharing                                                      ; Off                ; Off                ;
; Allow Any RAM Size For Recognition                                         ; Off                ; Off                ;
; Allow Any ROM Size For Recognition                                         ; Off                ; Off                ;
; Allow Any Shift Register Size For Recognition                              ; Off                ; Off                ;
; Use LogicLock Constraints during Resource Balancing                        ; On                 ; On                 ;
; Ignore translate_off and synthesis_off directives                          ; Off                ; Off                ;
; Timing-Driven Synthesis                                                    ; Off                ; Off                ;
; Show Parameter Settings Tables in Synthesis Report                         ; On                 ; On                 ;
; Ignore Maximum Fan-Out Assignments                                         ; Off                ; Off                ;
; Synchronization Register Chain Length                                      ; 2                  ; 2                  ;
; PowerPlay Power Optimization                                               ; Normal compilation ; Normal compilation ;
; HDL message level                                                          ; Level2             ; Level2             ;
; Suppress Register Optimization Related Messages                            ; Off                ; Off                ;
; Number of Removed Registers Reported in Synthesis Report                   ; 5000               ; 5000               ;
; Number of Inverted Registers Reported in Synthesis Report                  ; 100                ; 100                ;
; Clock MUX Protection                                                       ; On                 ; On                 ;
; Auto Gated Clock Conversion                                                ; Off                ; Off                ;
; Block Design Naming                                                        ; Auto               ; Auto               ;
; SDC constraint protection                                                  ; Off                ; Off                ;
; Synthesis Effort                                                           ; Auto               ; Auto               ;
; Shift Register Replacement - Allow Asynchronous Clear Signal               ; On                 ; On                 ;
; Analysis & Synthesis Message Level                                         ; Medium             ; Medium             ;
; Disable Register Merging Across Hierarchies                                ; Auto               ; Auto               ;
; Resource Aware Inference For Block RAM                                     ; On                 ; On                 ;
+----------------------------------------------------------------------------+--------------------+--------------------+


+-----------------------------------------------------------------------------------------------------+
; Analysis & Synthesis Source Files Read                                                              ;
+----------------------------------+-----------------+-----------------+------------------------------+
; File Name with User-Entered Path ; Used in Netlist ; File Type       ; File Name with Absolute Path ;
+----------------------------------+-----------------+-----------------+------------------------------+
; zamek.vhd                        ; yes             ; User VHDL File  ; Z:/CST - zamek/zamek.vhd     ;
+----------------------------------+-----------------+-----------------+------------------------------+


+--------------------------------------------------------+
; Analysis & Synthesis Resource Usage Summary            ;
+---------------------------------------------+----------+
; Resource                                    ; Usage    ;
+---------------------------------------------+----------+
; Estimated Total logic elements              ; 188      ;
;                                             ;          ;
; Total combinational functions               ; 186      ;
; Logic element usage by number of LUT inputs ;          ;
;     -- 4 input functions                    ; 93       ;
;     -- 3 input functions                    ; 60       ;
;     -- <=2 input functions                  ; 33       ;
;                                             ;          ;
; Logic elements by mode                      ;          ;
;     -- normal mode                          ; 166      ;
;     -- arithmetic mode                      ; 20       ;
;                                             ;          ;
; Total registers                             ; 26       ;
;     -- Dedicated logic registers            ; 26       ;
;     -- I/O registers                        ; 0        ;
;                                             ;          ;
; I/O pins                                    ; 14       ;
; Maximum fan-out node                        ; Equal1~0 ;
; Maximum fan-out                             ; 23       ;
; Total fan-out                               ; 673      ;
; Average fan-out                             ; 2.98     ;
+---------------------------------------------+----------+


+-----------------------------------------------------------------------------------------------------------------------------------------------------------------------------+
; Analysis & Synthesis Resource Utilization by Entity                                                                                                                         ;
+----------------------------+-------------------+--------------+-------------+--------------+---------+-----------+------+--------------+---------------------+--------------+
; Compilation Hierarchy Node ; LC Combinationals ; LC Registers ; Memory Bits ; DSP Elements ; DSP 9x9 ; DSP 18x18 ; Pins ; Virtual Pins ; Full Hierarchy Name ; Library Name ;
+----------------------------+-------------------+--------------+-------------+--------------+---------+-----------+------+--------------+---------------------+--------------+
; |zamek                     ; 186 (186)         ; 26 (26)      ; 0           ; 0            ; 0       ; 0         ; 14   ; 0            ; |zamek              ; work         ;
+----------------------------+-------------------+--------------+-------------+--------------+---------+-----------+------+--------------+---------------------+--------------+
Note: For table entries with two numbers listed, the numbers in parentheses indicate the number of resources of the given type used by the specific entity alone. The numbers listed outside of parentheses indicate the total resources of the given type used by the specific entity and all of its sub-entities in the hierarchy.


+----------------------------------------------------------------------------------------------------+
; User-Specified and Inferred Latches                                                                ;
+-----------------------------------------------------+---------------------+------------------------+
; Latch Name                                          ; Latch Enable Signal ; Free of Timing Hazards ;
+-----------------------------------------------------+---------------------+------------------------+
; blue$latch                                          ; blue                ; yes                    ;
; yellow$latch                                        ; yellow              ; yes                    ;
; green$latch                                         ; red                 ; yes                    ;
; but_blue_st                                         ; but_blue            ; yes                    ;
; pole0[0]                                            ; pole0[0]            ; yes                    ;
; pole0[1]                                            ; pole0[0]            ; yes                    ;
; pole0[2]                                            ; pole0[0]            ; yes                    ;
; hsl_ok                                              ; red                 ; yes                    ;
; polek[0]                                            ; polek[0]            ; yes                    ;
; polek[1]                                            ; polek[0]            ; yes                    ;
; polek[2]                                            ; polek[0]            ; yes                    ;
; heslo_kon[0][0]                                     ; Decoder1            ; yes                    ;
; heslo[0][0]                                         ; Decoder0            ; yes                    ;
; heslo_kon[0][1]                                     ; Decoder1            ; yes                    ;
; heslo[0][1]                                         ; Decoder0            ; yes                    ;
; heslo_kon[0][2]                                     ; Decoder1            ; yes                    ;
; heslo[0][2]                                         ; Decoder0            ; yes                    ;
; heslo_kon[0][3]                                     ; Decoder1            ; yes                    ;
; heslo[0][3]                                         ; Decoder0            ; yes                    ;
; heslo_kon[1][0]                                     ; Decoder1            ; yes                    ;
; heslo[1][0]                                         ; Decoder0            ; yes                    ;
; heslo_kon[1][1]                                     ; Decoder1            ; yes                    ;
; heslo[1][1]                                         ; Decoder0            ; yes                    ;
; heslo_kon[1][2]                                     ; Decoder1            ; yes                    ;
; heslo[1][2]                                         ; Decoder0            ; yes                    ;
; heslo_kon[1][3]                                     ; Decoder1            ; yes                    ;
; heslo[1][3]                                         ; Decoder0            ; yes                    ;
; heslo_kon[2][0]                                     ; Decoder1            ; yes                    ;
; heslo[2][0]                                         ; Decoder0            ; yes                    ;
; heslo_kon[2][1]                                     ; Decoder1            ; yes                    ;
; heslo[2][1]                                         ; Decoder0            ; yes                    ;
; heslo_kon[2][2]                                     ; Decoder1            ; yes                    ;
; heslo[2][2]                                         ; Decoder0            ; yes                    ;
; heslo_kon[2][3]                                     ; Decoder1            ; yes                    ;
; heslo[2][3]                                         ; Decoder0            ; yes                    ;
; heslo_kon[3][0]                                     ; Decoder1            ; yes                    ;
; heslo[3][0]                                         ; Decoder0            ; yes                    ;
; heslo_kon[3][1]                                     ; Decoder1            ; yes                    ;
; heslo[3][1]                                         ; Decoder0            ; yes                    ;
; heslo_kon[3][2]                                     ; Decoder1            ; yes                    ;
; heslo[3][2]                                         ; Decoder0            ; yes                    ;
; heslo_kon[3][3]                                     ; Decoder1            ; yes                    ;
; heslo[3][3]                                         ; Decoder0            ; yes                    ;
; Number of user-specified and inferred latches = 43  ;                     ;                        ;
+-----------------------------------------------------+---------------------+------------------------+
Note: All latches listed above may not be present at the end of synthesis due to various synthesis optimizations.


+------------------------------------------------------+
; General Register Statistics                          ;
+----------------------------------------------+-------+
; Statistic                                    ; Value ;
+----------------------------------------------+-------+
; Total registers                              ; 26    ;
; Number of registers using Synchronous Clear  ; 0     ;
; Number of registers using Synchronous Load   ; 0     ;
; Number of registers using Asynchronous Clear ; 0     ;
; Number of registers using Asynchronous Load  ; 0     ;
; Number of registers using Clock Enable       ; 0     ;
; Number of registers using Preset             ; 0     ;
+----------------------------------------------+-------+


+--------------------------------------------------+
; Inverted Register Statistics                     ;
+----------------------------------------+---------+
; Inverted Register                      ; Fan out ;
+----------------------------------------+---------+
; regs[0]                                ; 9       ;
; Total number of inverted registers = 1 ;         ;
+----------------------------------------+---------+


+------------------------------------------------------------------------------------------------------------------------------------------+
; Multiplexer Restructuring Statistics (Restructuring Performed)                                                                           ;
+--------------------+-----------+---------------+----------------------+------------------------+------------+----------------------------+
; Multiplexer Inputs ; Bus Width ; Baseline Area ; Area if Restructured ; Saving if Restructured ; Registered ; Example Multiplexer Output ;
+--------------------+-----------+---------------+----------------------+------------------------+------------+----------------------------+
; 5:1                ; 3 bits    ; 9 LEs         ; 3 LEs                ; 6 LEs                  ; No         ; |zamek|pole0               ;
; 7:1                ; 4 bits    ; 16 LEs        ; 4 LEs                ; 12 LEs                 ; No         ; |zamek|heslo[0][0]         ;
; 7:1                ; 4 bits    ; 16 LEs        ; 4 LEs                ; 12 LEs                 ; No         ; |zamek|heslo_kon[0][0]     ;
+--------------------+-----------+---------------+----------------------+------------------------+------------+----------------------------+


+-------------------------------+
; Analysis & Synthesis Messages ;
+-------------------------------+
Info: *******************************************************************
Info: Running Quartus II Analysis & Synthesis
    Info: Version 9.1 Build 350 03/24/2010 Service Pack 2 SJ Web Edition
    Info: Processing started: Mon May 11 16:22:26 2015
Info: Command: quartus_map --read_settings_files=on --write_settings_files=off zamek -c zamek
Info: Found 2 design units, including 1 entities, in source file zamek.vhd
    Info: Found design unit 1: zamek-Behavioral
    Info: Found entity 1: zamek
Info: Elaborating entity "zamek" for the top level hierarchy
Warning (10492): VHDL Process Statement warning at zamek.vhd(62): signal "regs" is read inside the Process Statement but isn't in the Process Statement's sensitivity list
Warning (10492): VHDL Process Statement warning at zamek.vhd(62): signal "hsl_ok" is read inside the Process Statement but isn't in the Process Statement's sensitivity list
Warning (10492): VHDL Process Statement warning at zamek.vhd(66): signal "regs" is read inside the Process Statement but isn't in the Process Statement's sensitivity list
Warning (10492): VHDL Process Statement warning at zamek.vhd(66): signal "hsl_ok" is read inside the Process Statement but isn't in the Process Statement's sensitivity list
Warning (10492): VHDL Process Statement warning at zamek.vhd(70): signal "regs" is read inside the Process Statement but isn't in the Process Statement's sensitivity list
Warning (10492): VHDL Process Statement warning at zamek.vhd(70): signal "hsl_ok" is read inside the Process Statement but isn't in the Process Statement's sensitivity list
Warning (10492): VHDL Process Statement warning at zamek.vhd(74): signal "regs" is read inside the Process Statement but isn't in the Process Statement's sensitivity list
Warning (10492): VHDL Process Statement warning at zamek.vhd(74): signal "hsl_ok" is read inside the Process Statement but isn't in the Process Statement's sensitivity list
Warning (10492): VHDL Process Statement warning at zamek.vhd(79): signal "regs" is read inside the Process Statement but isn't in the Process Statement's sensitivity list
Warning (10492): VHDL Process Statement warning at zamek.vhd(79): signal "hsl_ok" is read inside the Process Statement but isn't in the Process Statement's sensitivity list
Warning (10492): VHDL Process Statement warning at zamek.vhd(83): signal "regs" is read inside the Process Statement but isn't in the Process Statement's sensitivity list
Warning (10492): VHDL Process Statement warning at zamek.vhd(83): signal "hsl_ok" is read inside the Process Statement but isn't in the Process Statement's sensitivity list
Warning (10492): VHDL Process Statement warning at zamek.vhd(87): signal "regs" is read inside the Process Statement but isn't in the Process Statement's sensitivity list
Warning (10492): VHDL Process Statement warning at zamek.vhd(87): signal "hsl_ok" is read inside the Process Statement but isn't in the Process Statement's sensitivity list
Warning (10492): VHDL Process Statement warning at zamek.vhd(91): signal "regs" is read inside the Process Statement but isn't in the Process Statement's sensitivity list
Warning (10492): VHDL Process Statement warning at zamek.vhd(91): signal "hsl_ok" is read inside the Process Statement but isn't in the Process Statement's sensitivity list
Warning (10492): VHDL Process Statement warning at zamek.vhd(96): signal "regs" is read inside the Process Statement but isn't in the Process Statement's sensitivity list
Warning (10492): VHDL Process Statement warning at zamek.vhd(96): signal "hsl_ok" is read inside the Process Statement but isn't in the Process Statement's sensitivity list
Warning (10492): VHDL Process Statement warning at zamek.vhd(100): signal "regs" is read inside the Process Statement but isn't in the Process Statement's sensitivity list
Warning (10492): VHDL Process Statement warning at zamek.vhd(100): signal "hsl_ok" is read inside the Process Statement but isn't in the Process Statement's sensitivity list
Warning (10492): VHDL Process Statement warning at zamek.vhd(104): signal "regs" is read inside the Process Statement but isn't in the Process Statement's sensitivity list
Warning (10492): VHDL Process Statement warning at zamek.vhd(104): signal "hsl_ok" is read inside the Process Statement but isn't in the Process Statement's sensitivity list
Warning (10492): VHDL Process Statement warning at zamek.vhd(108): signal "regs" is read inside the Process Statement but isn't in the Process Statement's sensitivity list
Warning (10492): VHDL Process Statement warning at zamek.vhd(108): signal "hsl_ok" is read inside the Process Statement but isn't in the Process Statement's sensitivity list
Warning (10492): VHDL Process Statement warning at zamek.vhd(113): signal "regs" is read inside the Process Statement but isn't in the Process Statement's sensitivity list
Warning (10492): VHDL Process Statement warning at zamek.vhd(113): signal "hsl_ok" is read inside the Process Statement but isn't in the Process Statement's sensitivity list
Warning (10492): VHDL Process Statement warning at zamek.vhd(117): signal "regs" is read inside the Process Statement but isn't in the Process Statement's sensitivity list
Warning (10492): VHDL Process Statement warning at zamek.vhd(117): signal "hsl_ok" is read inside the Process Statement but isn't in the Process Statement's sensitivity list
Warning (10492): VHDL Process Statement warning at zamek.vhd(121): signal "regs" is read inside the Process Statement but isn't in the Process Statement's sensitivity list
Warning (10492): VHDL Process Statement warning at zamek.vhd(121): signal "hsl_ok" is read inside the Process Statement but isn't in the Process Statement's sensitivity list
Warning (10492): VHDL Process Statement warning at zamek.vhd(125): signal "regs" is read inside the Process Statement but isn't in the Process Statement's sensitivity list
Warning (10492): VHDL Process Statement warning at zamek.vhd(125): signal "hsl_ok" is read inside the Process Statement but isn't in the Process Statement's sensitivity list
Warning (10492): VHDL Process Statement warning at zamek.vhd(145): signal "regs" is read inside the Process Statement but isn't in the Process Statement's sensitivity list
Warning (10492): VHDL Process Statement warning at zamek.vhd(145): signal "but_blue_st" is read inside the Process Statement but isn't in the Process Statement's sensitivity list
Warning (10492): VHDL Process Statement warning at zamek.vhd(149): signal "regs" is read inside the Process Statement but isn't in the Process Statement's sensitivity list
Warning (10492): VHDL Process Statement warning at zamek.vhd(149): signal "but_blue_st" is read inside the Process Statement but isn't in the Process Statement's sensitivity list
Warning (10492): VHDL Process Statement warning at zamek.vhd(153): signal "regs" is read inside the Process Statement but isn't in the Process Statement's sensitivity list
Warning (10492): VHDL Process Statement warning at zamek.vhd(153): signal "but_blue_st" is read inside the Process Statement but isn't in the Process Statement's sensitivity list
Warning (10492): VHDL Process Statement warning at zamek.vhd(157): signal "regs" is read inside the Process Statement but isn't in the Process Statement's sensitivity list
Warning (10492): VHDL Process Statement warning at zamek.vhd(157): signal "but_blue_st" is read inside the Process Statement but isn't in the Process Statement's sensitivity list
Warning (10492): VHDL Process Statement warning at zamek.vhd(162): signal "regs" is read inside the Process Statement but isn't in the Process Statement's sensitivity list
Warning (10492): VHDL Process Statement warning at zamek.vhd(162): signal "but_blue_st" is read inside the Process Statement but isn't in the Process Statement's sensitivity list
Warning (10492): VHDL Process Statement warning at zamek.vhd(166): signal "regs" is read inside the Process Statement but isn't in the Process Statement's sensitivity list
Warning (10492): VHDL Process Statement warning at zamek.vhd(166): signal "but_blue_st" is read inside the Process Statement but isn't in the Process Statement's sensitivity list
Warning (10492): VHDL Process Statement warning at zamek.vhd(170): signal "regs" is read inside the Process Statement but isn't in the Process Statement's sensitivity list
Warning (10492): VHDL Process Statement warning at zamek.vhd(170): signal "but_blue_st" is read inside the Process Statement but isn't in the Process Statement's sensitivity list
Warning (10492): VHDL Process Statement warning at zamek.vhd(174): signal "regs" is read inside the Process Statement but isn't in the Process Statement's sensitivity list
Warning (10492): VHDL Process Statement warning at zamek.vhd(174): signal "but_blue_st" is read inside the Process Statement but isn't in the Process Statement's sensitivity list
Warning (10492): VHDL Process Statement warning at zamek.vhd(179): signal "regs" is read inside the Process Statement but isn't in the Process Statement's sensitivity list
Warning (10492): VHDL Process Statement warning at zamek.vhd(179): signal "but_blue_st" is read inside the Process Statement but isn't in the Process Statement's sensitivity list
Warning (10492): VHDL Process Statement warning at zamek.vhd(183): signal "regs" is read inside the Process Statement but isn't in the Process Statement's sensitivity list
Warning (10492): VHDL Process Statement warning at zamek.vhd(183): signal "but_blue_st" is read inside the Process Statement but isn't in the Process Statement's sensitivity list
Warning (10492): VHDL Process Statement warning at zamek.vhd(187): signal "regs" is read inside the Process Statement but isn't in the Process Statement's sensitivity list
Warning (10492): VHDL Process Statement warning at zamek.vhd(187): signal "but_blue_st" is read inside the Process Statement but isn't in the Process Statement's sensitivity list
Warning (10492): VHDL Process Statement warning at zamek.vhd(191): signal "regs" is read inside the Process Statement but isn't in the Process Statement's sensitivity list
Warning (10492): VHDL Process Statement warning at zamek.vhd(191): signal "but_blue_st" is read inside the Process Statement but isn't in the Process Statement's sensitivity list
Warning (10492): VHDL Process Statement warning at zamek.vhd(196): signal "regs" is read inside the Process Statement but isn't in the Process Statement's sensitivity list
Warning (10492): VHDL Process Statement warning at zamek.vhd(196): signal "but_blue_st" is read inside the Process Statement but isn't in the Process Statement's sensitivity list
Warning (10492): VHDL Process Statement warning at zamek.vhd(200): signal "regs" is read inside the Process Statement but isn't in the Process Statement's sensitivity list
Warning (10492): VHDL Process Statement warning at zamek.vhd(200): signal "but_blue_st" is read inside the Process Statement but isn't in the Process Statement's sensitivity list
Warning (10492): VHDL Process Statement warning at zamek.vhd(204): signal "regs" is read inside the Process Statement but isn't in the Process Statement's sensitivity list
Warning (10492): VHDL Process Statement warning at zamek.vhd(204): signal "but_blue_st" is read inside the Process Statement but isn't in the Process Statement's sensitivity list
Warning (10492): VHDL Process Statement warning at zamek.vhd(208): signal "regs" is read inside the Process Statement but isn't in the Process Statement's sensitivity list
Warning (10492): VHDL Process Statement warning at zamek.vhd(208): signal "but_blue_st" is read inside the Process Statement but isn't in the Process Statement's sensitivity list
Warning (10492): VHDL Process Statement warning at zamek.vhd(216): signal "but_blue_st" is read inside the Process Statement but isn't in the Process Statement's sensitivity list
Warning (10492): VHDL Process Statement warning at zamek.vhd(217): signal "but_blue_st" is read inside the Process Statement but isn't in the Process Statement's sensitivity list
Warning (10492): VHDL Process Statement warning at zamek.vhd(218): signal "but_blue_st" is read inside the Process Statement but isn't in the Process Statement's sensitivity list
Warning (10492): VHDL Process Statement warning at zamek.vhd(223): signal "heslo_kon" is read inside the Process Statement but isn't in the Process Statement's sensitivity list
Warning (10492): VHDL Process Statement warning at zamek.vhd(223): signal "heslo" is read inside the Process Statement but isn't in the Process Statement's sensitivity list
Warning (10631): VHDL Process Statement warning at zamek.vhd(59): inferring latch(es) for signal or variable "heslo", which holds its previous value in one or more paths through the process
Warning (10631): VHDL Process Statement warning at zamek.vhd(59): inferring latch(es) for signal or variable "pole0", which holds its previous value in one or more paths through the process
Warning (10631): VHDL Process Statement warning at zamek.vhd(59): inferring latch(es) for signal or variable "blue", which holds its previous value in one or more paths through the process
Warning (10631): VHDL Process Statement warning at zamek.vhd(59): inferring latch(es) for signal or variable "polek", which holds its previous value in one or more paths through the process
Warning (10631): VHDL Process Statement warning at zamek.vhd(59): inferring latch(es) for signal or variable "hsl_ok", which holds its previous value in one or more paths through the process
Warning (10631): VHDL Process Statement warning at zamek.vhd(59): inferring latch(es) for signal or variable "yellow", which holds its previous value in one or more paths through the process
Warning (10631): VHDL Process Statement warning at zamek.vhd(59): inferring latch(es) for signal or variable "green", which holds its previous value in one or more paths through the process
Warning (10631): VHDL Process Statement warning at zamek.vhd(59): inferring latch(es) for signal or variable "red", which holds its previous value in one or more paths through the process
Warning (10631): VHDL Process Statement warning at zamek.vhd(59): inferring latch(es) for signal or variable "heslo_kon", which holds its previous value in one or more paths through the process
Warning (10631): VHDL Process Statement warning at zamek.vhd(59): inferring latch(es) for signal or variable "but_blue_st", which holds its previous value in one or more paths through the process
Info (10041): Inferred latch for "but_blue_st" at zamek.vhd(59)
Info (10041): Inferred latch for "heslo_kon[0][0]" at zamek.vhd(59)
Info (10041): Inferred latch for "heslo_kon[0][1]" at zamek.vhd(59)
Info (10041): Inferred latch for "heslo_kon[0][2]" at zamek.vhd(59)
Info (10041): Inferred latch for "heslo_kon[0][3]" at zamek.vhd(59)
Info (10041): Inferred latch for "heslo_kon[1][0]" at zamek.vhd(59)
Info (10041): Inferred latch for "heslo_kon[1][1]" at zamek.vhd(59)
Info (10041): Inferred latch for "heslo_kon[1][2]" at zamek.vhd(59)
Info (10041): Inferred latch for "heslo_kon[1][3]" at zamek.vhd(59)
Info (10041): Inferred latch for "heslo_kon[2][0]" at zamek.vhd(59)
Info (10041): Inferred latch for "heslo_kon[2][1]" at zamek.vhd(59)
Info (10041): Inferred latch for "heslo_kon[2][2]" at zamek.vhd(59)
Info (10041): Inferred latch for "heslo_kon[2][3]" at zamek.vhd(59)
Info (10041): Inferred latch for "heslo_kon[3][0]" at zamek.vhd(59)
Info (10041): Inferred latch for "heslo_kon[3][1]" at zamek.vhd(59)
Info (10041): Inferred latch for "heslo_kon[3][2]" at zamek.vhd(59)
Info (10041): Inferred latch for "heslo_kon[3][3]" at zamek.vhd(59)
Info (10041): Inferred latch for "red" at zamek.vhd(59)
Info (10041): Inferred latch for "green" at zamek.vhd(59)
Info (10041): Inferred latch for "yellow" at zamek.vhd(59)
Info (10041): Inferred latch for "hsl_ok" at zamek.vhd(59)
Info (10041): Inferred latch for "blue" at zamek.vhd(59)
Info (10041): Inferred latch for "heslo[0][0]" at zamek.vhd(59)
Info (10041): Inferred latch for "heslo[0][1]" at zamek.vhd(59)
Info (10041): Inferred latch for "heslo[0][2]" at zamek.vhd(59)
Info (10041): Inferred latch for "heslo[0][3]" at zamek.vhd(59)
Info (10041): Inferred latch for "heslo[1][0]" at zamek.vhd(59)
Info (10041): Inferred latch for "heslo[1][1]" at zamek.vhd(59)
Info (10041): Inferred latch for "heslo[1][2]" at zamek.vhd(59)
Info (10041): Inferred latch for "heslo[1][3]" at zamek.vhd(59)
Info (10041): Inferred latch for "heslo[2][0]" at zamek.vhd(59)
Info (10041): Inferred latch for "heslo[2][1]" at zamek.vhd(59)
Info (10041): Inferred latch for "heslo[2][2]" at zamek.vhd(59)
Info (10041): Inferred latch for "heslo[2][3]" at zamek.vhd(59)
Info (10041): Inferred latch for "heslo[3][0]" at zamek.vhd(59)
Info (10041): Inferred latch for "heslo[3][1]" at zamek.vhd(59)
Info (10041): Inferred latch for "heslo[3][2]" at zamek.vhd(59)
Info (10041): Inferred latch for "heslo[3][3]" at zamek.vhd(59)
Info (10041): Inferred latch for "polek[0]" at zamek.vhd(145)
Info (10041): Inferred latch for "polek[1]" at zamek.vhd(145)
Info (10041): Inferred latch for "polek[2]" at zamek.vhd(145)
Info (10041): Inferred latch for "pole0[0]" at zamek.vhd(132)
Info (10041): Inferred latch for "pole0[1]" at zamek.vhd(132)
Info (10041): Inferred latch for "pole0[2]" at zamek.vhd(132)
Warning: Latch blue$latch has unsafe behavior
    Warning: Ports D and ENA on the latch are fed by the same signal but_blue
Warning: Latch yellow$latch has unsafe behavior
    Warning: Ports D and ENA on the latch are fed by the same signal but_blue
Warning: Latch green$latch has unsafe behavior
    Warning: Ports D and ENA on the latch are fed by the same signal polek[0]
Warning: Latch pole0[1] has unsafe behavior
    Warning: Ports ENA and CLR on the latch are fed by the same signal pole0[2]
Warning: Latch pole0[2] has unsafe behavior
    Warning: Ports D and ENA on the latch are fed by the same signal pole0[2]
    Warning: Ports ENA and CLR on the latch are fed by the same signal pole0[2]
Warning: Latch hsl_ok has unsafe behavior
    Warning: Ports D and ENA on the latch are fed by the same signal polek[0]
Warning: Latch polek[0] has unsafe behavior
    Warning: Ports D and ENA on the latch are fed by the same signal but_blue_st
Warning: Latch polek[1] has unsafe behavior
    Warning: Ports D and ENA on the latch are fed by the same signal but_blue_st
Warning: Latch polek[2] has unsafe behavior
    Warning: Ports D and ENA on the latch are fed by the same signal but_blue_st
Warning: Latch heslo_kon[0][0] has unsafe behavior
    Warning: Ports D and ENA on the latch are fed by the same signal but_blue_st
Warning: Latch heslo[0][0] has unsafe behavior
    Warning: Ports D and ENA on the latch are fed by the same signal pole0[2]
Warning: Latch heslo_kon[0][1] has unsafe behavior
    Warning: Ports D and ENA on the latch are fed by the same signal but_blue_st
Warning: Latch heslo[0][1] has unsafe behavior
    Warning: Ports D and ENA on the latch are fed by the same signal pole0[2]
Warning: Latch heslo_kon[0][2] has unsafe behavior
    Warning: Ports D and ENA on the latch are fed by the same signal but_blue_st
Warning: Latch heslo[0][2] has unsafe behavior
    Warning: Ports D and ENA on the latch are fed by the same signal pole0[2]
Warning: Latch heslo_kon[0][3] has unsafe behavior
    Warning: Ports D and ENA on the latch are fed by the same signal but_blue_st
Warning: Latch heslo[0][3] has unsafe behavior
    Warning: Ports D and ENA on the latch are fed by the same signal pole0[2]
Warning: Latch heslo_kon[1][0] has unsafe behavior
    Warning: Ports D and ENA on the latch are fed by the same signal but_blue_st
Warning: Latch heslo[1][0] has unsafe behavior
    Warning: Ports D and ENA on the latch are fed by the same signal pole0[2]
Warning: Latch heslo_kon[1][1] has unsafe behavior
    Warning: Ports D and ENA on the latch are fed by the same signal but_blue_st
Warning: Latch heslo[1][1] has unsafe behavior
    Warning: Ports D and ENA on the latch are fed by the same signal pole0[2]
Warning: Latch heslo_kon[1][2] has unsafe behavior
    Warning: Ports D and ENA on the latch are fed by the same signal but_blue_st
Warning: Latch heslo[1][2] has unsafe behavior
    Warning: Ports D and ENA on the latch are fed by the same signal pole0[2]
Warning: Latch heslo_kon[1][3] has unsafe behavior
    Warning: Ports D and ENA on the latch are fed by the same signal but_blue_st
Warning: Latch heslo[1][3] has unsafe behavior
    Warning: Ports D and ENA on the latch are fed by the same signal pole0[2]
Warning: Latch heslo_kon[2][0] has unsafe behavior
    Warning: Ports D and ENA on the latch are fed by the same signal but_blue_st
Warning: Latch heslo[2][0] has unsafe behavior
    Warning: Ports D and ENA on the latch are fed by the same signal pole0[2]
Warning: Latch heslo_kon[2][1] has unsafe behavior
    Warning: Ports D and ENA on the latch are fed by the same signal but_blue_st
Warning: Latch heslo[2][1] has unsafe behavior
    Warning: Ports D and ENA on the latch are fed by the same signal pole0[2]
Warning: Latch heslo_kon[2][2] has unsafe behavior
    Warning: Ports D and ENA on the latch are fed by the same signal but_blue_st
Warning: Latch heslo[2][2] has unsafe behavior
    Warning: Ports D and ENA on the latch are fed by the same signal pole0[2]
Warning: Latch heslo_kon[2][3] has unsafe behavior
    Warning: Ports D and ENA on the latch are fed by the same signal but_blue_st
Warning: Latch heslo[2][3] has unsafe behavior
    Warning: Ports D and ENA on the latch are fed by the same signal pole0[2]
Warning: Latch heslo_kon[3][0] has unsafe behavior
    Warning: Ports D and ENA on the latch are fed by the same signal but_blue_st
Warning: Latch heslo[3][0] has unsafe behavior
    Warning: Ports D and ENA on the latch are fed by the same signal pole0[2]
Warning: Latch heslo_kon[3][1] has unsafe behavior
    Warning: Ports D and ENA on the latch are fed by the same signal but_blue_st
Warning: Latch heslo[3][1] has unsafe behavior
    Warning: Ports D and ENA on the latch are fed by the same signal pole0[2]
Warning: Latch heslo_kon[3][2] has unsafe behavior
    Warning: Ports D and ENA on the latch are fed by the same signal but_blue_st
Warning: Latch heslo[3][2] has unsafe behavior
    Warning: Ports D and ENA on the latch are fed by the same signal pole0[2]
Warning: Latch heslo_kon[3][3] has unsafe behavior
    Warning: Ports D and ENA on the latch are fed by the same signal but_blue_st
Warning: Latch heslo[3][3] has unsafe behavior
    Warning: Ports D and ENA on the latch are fed by the same signal pole0[2]
Warning: Output pins are stuck at VCC or GND
    Warning (13410): Pin "red" is stuck at VCC
Info: Implemented 202 device resources after synthesis - the final resource count might be different
    Info: Implemented 6 input pins
    Info: Implemented 8 output pins
    Info: Implemented 188 logic cells
Info: Quartus II Analysis & Synthesis was successful. 0 errors, 164 warnings
    Info: Peak virtual memory: 192 megabytes
    Info: Processing ended: Mon May 11 16:22:46 2015
    Info: Elapsed time: 00:00:20
    Info: Total CPU time (on all processors): 00:00:06


