Analysis & Synthesis report for casovac
Tue May 12 21:56:45 2015
Quartus II Version 9.1 Build 350 03/24/2010 Service Pack 2 SJ Web Edition


---------------------
; Table of Contents ;
---------------------
  1. Legal Notice
  2. Analysis & Synthesis Summary
  3. Analysis & Synthesis Settings
  4. Analysis & Synthesis Source Files Read
  5. Analysis & Synthesis Resource Usage Summary
  6. Analysis & Synthesis Resource Utilization by Entity
  7. User-Specified and Inferred Latches
  8. Registers Removed During Synthesis
  9. General Register Statistics
 10. Inverted Register Statistics
 11. Multiplexer Restructuring Statistics (Restructuring Performed)
 12. Analysis & Synthesis Messages



----------------
; Legal Notice ;
----------------
Copyright (C) 1991-2010 Altera Corporation
Your use of Altera Corporation's design tools, logic functions 
and other software and tools, and its AMPP partner logic 
functions, and any output files from any of the foregoing 
(including device programming or simulation files), and any 
associated documentation or information are expressly subject 
to the terms and conditions of the Altera Program License 
Subscription Agreement, Altera MegaCore Function License 
Agreement, or other applicable license agreement, including, 
without limitation, that your use is for the sole purpose of 
programming logic devices manufactured by Altera and sold by 
Altera or its authorized distributors.  Please refer to the 
applicable agreement for further details.



+-----------------------------------------------------------------------------------+
; Analysis & Synthesis Summary                                                      ;
+------------------------------------+----------------------------------------------+
; Analysis & Synthesis Status        ; Successful - Tue May 12 21:56:45 2015        ;
; Quartus II Version                 ; 9.1 Build 350 03/24/2010 SP 2 SJ Web Edition ;
; Revision Name                      ; casovac                                      ;
; Top-level Entity Name              ; casovac                                      ;
; Family                             ; Cyclone II                                   ;
; Total logic elements               ; 278                                          ;
;     Total combinational functions  ; 272                                          ;
;     Dedicated logic registers      ; 73                                           ;
; Total registers                    ; 73                                           ;
; Total pins                         ; 21                                           ;
; Total virtual pins                 ; 0                                            ;
; Total memory bits                  ; 0                                            ;
; Embedded Multiplier 9-bit elements ; 0                                            ;
; Total PLLs                         ; 0                                            ;
+------------------------------------+----------------------------------------------+


+----------------------------------------------------------------------------------------------------------------------+
; Analysis & Synthesis Settings                                                                                        ;
+----------------------------------------------------------------------------+--------------------+--------------------+
; Option                                                                     ; Setting            ; Default Value      ;
+----------------------------------------------------------------------------+--------------------+--------------------+
; Device                                                                     ; EP2C5T144C8        ;                    ;
; Top-level entity name                                                      ; casovac            ; casovac            ;
; Family name                                                                ; Cyclone II         ; Stratix II         ;
; Use Generated Physical Constraints File                                    ; Off                ;                    ;
; Use smart compilation                                                      ; Off                ; Off                ;
; Enable parallel Assembler and TimeQuest Timing Analyzer during compilation ; On                 ; On                 ;
; Enable compact report table                                                ; Off                ; Off                ;
; Restructure Multiplexers                                                   ; Auto               ; Auto               ;
; Create Debugging Nodes for IP Cores                                        ; Off                ; Off                ;
; Preserve fewer node names                                                  ; On                 ; On                 ;
; Disable OpenCore Plus hardware evaluation                                  ; Off                ; Off                ;
; Verilog Version                                                            ; Verilog_2001       ; Verilog_2001       ;
; VHDL Version                                                               ; VHDL_1993          ; VHDL_1993          ;
; State Machine Processing                                                   ; Auto               ; Auto               ;
; Safe State Machine                                                         ; Off                ; Off                ;
; Extract Verilog State Machines                                             ; On                 ; On                 ;
; Extract VHDL State Machines                                                ; On                 ; On                 ;
; Ignore Verilog initial constructs                                          ; Off                ; Off                ;
; Iteration limit for constant Verilog loops                                 ; 5000               ; 5000               ;
; Iteration limit for non-constant Verilog loops                             ; 250                ; 250                ;
; Add Pass-Through Logic to Inferred RAMs                                    ; On                 ; On                 ;
; Parallel Synthesis                                                         ; On                 ; On                 ;
; DSP Block Balancing                                                        ; Auto               ; Auto               ;
; NOT Gate Push-Back                                                         ; On                 ; On                 ;
; Power-Up Don't Care                                                        ; On                 ; On                 ;
; Remove Redundant Logic Cells                                               ; Off                ; Off                ;
; Remove Duplicate Registers                                                 ; On                 ; On                 ;
; Ignore CARRY Buffers                                                       ; Off                ; Off                ;
; Ignore CASCADE Buffers                                                     ; Off                ; Off                ;
; Ignore GLOBAL Buffers                                                      ; Off                ; Off                ;
; Ignore ROW GLOBAL Buffers                                                  ; Off                ; Off                ;
; Ignore LCELL Buffers                                                       ; Off                ; Off                ;
; Ignore SOFT Buffers                                                        ; On                 ; On                 ;
; Limit AHDL Integers to 32 Bits                                             ; Off                ; Off                ;
; Optimization Technique                                                     ; Balanced           ; Balanced           ;
; Carry Chain Length                                                         ; 70                 ; 70                 ;
; Auto Carry Chains                                                          ; On                 ; On                 ;
; Auto Open-Drain Pins                                                       ; On                 ; On                 ;
; Perform WYSIWYG Primitive Resynthesis                                      ; Off                ; Off                ;
; Auto ROM Replacement                                                       ; On                 ; On                 ;
; Auto RAM Replacement                                                       ; On                 ; On                 ;
; Auto Shift Register Replacement                                            ; Auto               ; Auto               ;
; Auto Clock Enable Replacement                                              ; On                 ; On                 ;
; Strict RAM Replacement                                                     ; Off                ; Off                ;
; Allow Synchronous Control Signals                                          ; On                 ; On                 ;
; Force Use of Synchronous Clear Signals                                     ; Off                ; Off                ;
; Auto RAM to Logic Cell Conversion                                          ; Off                ; Off                ;
; Auto Resource Sharing                                                      ; Off                ; Off                ;
; Allow Any RAM Size For Recognition                                         ; Off                ; Off                ;
; Allow Any ROM Size For Recognition                                         ; Off                ; Off                ;
; Allow Any Shift Register Size For Recognition                              ; Off                ; Off                ;
; Use LogicLock Constraints during Resource Balancing                        ; On                 ; On                 ;
; Ignore translate_off and synthesis_off directives                          ; Off                ; Off                ;
; Timing-Driven Synthesis                                                    ; Off                ; Off                ;
; Show Parameter Settings Tables in Synthesis Report                         ; On                 ; On                 ;
; Ignore Maximum Fan-Out Assignments                                         ; Off                ; Off                ;
; Synchronization Register Chain Length                                      ; 2                  ; 2                  ;
; PowerPlay Power Optimization                                               ; Normal compilation ; Normal compilation ;
; HDL message level                                                          ; Level2             ; Level2             ;
; Suppress Register Optimization Related Messages                            ; Off                ; Off                ;
; Number of Removed Registers Reported in Synthesis Report                   ; 5000               ; 5000               ;
; Number of Inverted Registers Reported in Synthesis Report                  ; 100                ; 100                ;
; Clock MUX Protection                                                       ; On                 ; On                 ;
; Auto Gated Clock Conversion                                                ; Off                ; Off                ;
; Block Design Naming                                                        ; Auto               ; Auto               ;
; SDC constraint protection                                                  ; Off                ; Off                ;
; Synthesis Effort                                                           ; Auto               ; Auto               ;
; Shift Register Replacement - Allow Asynchronous Clear Signal               ; On                 ; On                 ;
; Analysis & Synthesis Message Level                                         ; Medium             ; Medium             ;
; Disable Register Merging Across Hierarchies                                ; Auto               ; Auto               ;
; Resource Aware Inference For Block RAM                                     ; On                 ; On                 ;
+----------------------------------------------------------------------------+--------------------+--------------------+


+-----------------------------------------------------------------------------------------------------+
; Analysis & Synthesis Source Files Read                                                              ;
+----------------------------------+-----------------+-----------------+------------------------------+
; File Name with User-Entered Path ; Used in Netlist ; File Type       ; File Name with Absolute Path ;
+----------------------------------+-----------------+-----------------+------------------------------+
; casovac.vhd                      ; yes             ; User VHDL File  ; Z:/CST - hokej/casovac.vhd   ;
+----------------------------------+-----------------+-----------------+------------------------------+


+-----------------------------------------------------+
; Analysis & Synthesis Resource Usage Summary         ;
+---------------------------------------------+-------+
; Resource                                    ; Usage ;
+---------------------------------------------+-------+
; Estimated Total logic elements              ; 278   ;
;                                             ;       ;
; Total combinational functions               ; 272   ;
; Logic element usage by number of LUT inputs ;       ;
;     -- 4 input functions                    ; 172   ;
;     -- 3 input functions                    ; 35    ;
;     -- <=2 input functions                  ; 65    ;
;                                             ;       ;
; Logic elements by mode                      ;       ;
;     -- normal mode                          ; 228   ;
;     -- arithmetic mode                      ; 44    ;
;                                             ;       ;
; Total registers                             ; 73    ;
;     -- Dedicated logic registers            ; 73    ;
;     -- I/O registers                        ; 0     ;
;                                             ;       ;
; I/O pins                                    ; 21    ;
; Maximum fan-out node                        ; clk   ;
; Maximum fan-out                             ; 48    ;
; Total fan-out                               ; 1109  ;
; Average fan-out                             ; 3.03  ;
+---------------------------------------------+-------+


+-----------------------------------------------------------------------------------------------------------------------------------------------------------------------------+
; Analysis & Synthesis Resource Utilization by Entity                                                                                                                         ;
+----------------------------+-------------------+--------------+-------------+--------------+---------+-----------+------+--------------+---------------------+--------------+
; Compilation Hierarchy Node ; LC Combinationals ; LC Registers ; Memory Bits ; DSP Elements ; DSP 9x9 ; DSP 18x18 ; Pins ; Virtual Pins ; Full Hierarchy Name ; Library Name ;
+----------------------------+-------------------+--------------+-------------+--------------+---------+-----------+------+--------------+---------------------+--------------+
; |casovac                   ; 272 (272)         ; 73 (73)      ; 0           ; 0            ; 0       ; 0         ; 21   ; 0            ; |casovac            ; work         ;
+----------------------------+-------------------+--------------+-------------+--------------+---------+-----------+------+--------------+---------------------+--------------+
Note: For table entries with two numbers listed, the numbers in parentheses indicate the number of resources of the given type used by the specific entity alone. The numbers listed outside of parentheses indicate the total resources of the given type used by the specific entity and all of its sub-entities in the hierarchy.


+----------------------------------------------------------------------------------------------------+
; User-Specified and Inferred Latches                                                                ;
+-----------------------------------------------------+---------------------+------------------------+
; Latch Name                                          ; Latch Enable Signal ; Free of Timing Hazards ;
+-----------------------------------------------------+---------------------+------------------------+
; b_dom0[0]                                           ; b_dom0[0]           ; yes                    ;
; b_dom0[1]                                           ; b_dom0[0]           ; yes                    ;
; b_dom0[2]                                           ; b_dom0[0]           ; yes                    ;
; b_dom0[3]                                           ; b_dom0[0]           ; yes                    ;
; b_hst0[0]                                           ; b_hst0[2]           ; yes                    ;
; b_hst0[1]                                           ; b_hst0[2]           ; yes                    ;
; b_hst0[2]                                           ; b_hst0[2]           ; yes                    ;
; b_hst0[3]                                           ; b_hst0[2]           ; yes                    ;
; b_dom1[0]                                           ; b_dom1[0]           ; yes                    ;
; b_dom1[1]                                           ; b_dom1[0]           ; yes                    ;
; b_dom1[2]                                           ; b_dom1[0]           ; yes                    ;
; b_dom1[3]                                           ; b_dom1[0]           ; yes                    ;
; b_hst1[0]                                           ; b_hst1[3]           ; yes                    ;
; b_hst1[1]                                           ; b_hst1[3]           ; yes                    ;
; b_hst1[2]                                           ; b_hst1[3]           ; yes                    ;
; b_hst1[3]                                           ; b_hst1[3]           ; yes                    ;
; Number of user-specified and inferred latches = 16  ;                     ;                        ;
+-----------------------------------------------------+---------------------+------------------------+
Note: All latches listed above may not be present at the end of synthesis due to various synthesis optimizations.


+----------------------------------------------------------------+
; Registers Removed During Synthesis                             ;
+---------------------------------------+------------------------+
; Register name                         ; Reason for Removal     ;
+---------------------------------------+------------------------+
; count[0]                              ; Merged with registr[0] ;
; Total Number of Removed Registers = 1 ;                        ;
+---------------------------------------+------------------------+


+------------------------------------------------------+
; General Register Statistics                          ;
+----------------------------------------------+-------+
; Statistic                                    ; Value ;
+----------------------------------------------+-------+
; Total registers                              ; 73    ;
; Number of registers using Synchronous Clear  ; 0     ;
; Number of registers using Synchronous Load   ; 0     ;
; Number of registers using Asynchronous Clear ; 17    ;
; Number of registers using Asynchronous Load  ; 0     ;
; Number of registers using Clock Enable       ; 13    ;
; Number of registers using Preset             ; 0     ;
+----------------------------------------------+-------+


+--------------------------------------------------+
; Inverted Register Statistics                     ;
+----------------------------------------+---------+
; Inverted Register                      ; Fan out ;
+----------------------------------------+---------+
; regs[0]                                ; 10      ;
; cas_m0[1]                              ; 10      ;
; registr[0]                             ; 4       ;
; Total number of inverted registers = 3 ;         ;
+----------------------------------------+---------+


+------------------------------------------------------------------------------------------------------------------------------------------+
; Multiplexer Restructuring Statistics (Restructuring Performed)                                                                           ;
+--------------------+-----------+---------------+----------------------+------------------------+------------+----------------------------+
; Multiplexer Inputs ; Bus Width ; Baseline Area ; Area if Restructured ; Saving if Restructured ; Registered ; Example Multiplexer Output ;
+--------------------+-----------+---------------+----------------------+------------------------+------------+----------------------------+
; 3:1                ; 4 bits    ; 8 LEs         ; 8 LEs                ; 0 LEs                  ; Yes        ; |casovac|cas_s1[3]         ;
; 4:1                ; 4 bits    ; 8 LEs         ; 8 LEs                ; 0 LEs                  ; Yes        ; |casovac|cas_s0[0]         ;
; 5:1                ; 3 bits    ; 9 LEs         ; 3 LEs                ; 6 LEs                  ; Yes        ; |casovac|cas_m0[3]         ;
; 5:1                ; 4 bits    ; 12 LEs        ; 8 LEs                ; 4 LEs                  ; Yes        ; |casovac|cas_m1[0]         ;
; 256:1              ; 7 bits    ; 1190 LEs      ; 63 LEs               ; 1127 LEs               ; No         ; |casovac|Mux6              ;
+--------------------+-----------+---------------+----------------------+------------------------+------------+----------------------------+


+-------------------------------+
; Analysis & Synthesis Messages ;
+-------------------------------+
Info: *******************************************************************
Info: Running Quartus II Analysis & Synthesis
    Info: Version 9.1 Build 350 03/24/2010 Service Pack 2 SJ Web Edition
    Info: Processing started: Tue May 12 21:56:24 2015
Info: Command: quartus_map --read_settings_files=on --write_settings_files=off casovac -c casovac
Info: Found 2 design units, including 1 entities, in source file casovac.vhd
    Info: Found design unit 1: casovac-Behavioral
    Info: Found entity 1: casovac
Info: Elaborating entity "casovac" for the top level hierarchy
Warning (10492): VHDL Process Statement warning at casovac.vhd(91): signal "pause" is read inside the Process Statement but isn't in the Process Statement's sensitivity list
Warning (10492): VHDL Process Statement warning at casovac.vhd(115): signal "pause" is read inside the Process Statement but isn't in the Process Statement's sensitivity list
Warning (10492): VHDL Process Statement warning at casovac.vhd(129): signal "b_dom0" is read inside the Process Statement but isn't in the Process Statement's sensitivity list
Warning (10492): VHDL Process Statement warning at casovac.vhd(129): signal "b_dom1" is read inside the Process Statement but isn't in the Process Statement's sensitivity list
Warning (10492): VHDL Process Statement warning at casovac.vhd(132): signal "pause" is read inside the Process Statement but isn't in the Process Statement's sensitivity list
Warning (10492): VHDL Process Statement warning at casovac.vhd(133): signal "b_dom1" is read inside the Process Statement but isn't in the Process Statement's sensitivity list
Warning (10492): VHDL Process Statement warning at casovac.vhd(134): signal "b_dom1" is read inside the Process Statement but isn't in the Process Statement's sensitivity list
Warning (10492): VHDL Process Statement warning at casovac.vhd(136): signal "b_dom0" is read inside the Process Statement but isn't in the Process Statement's sensitivity list
Warning (10492): VHDL Process Statement warning at casovac.vhd(142): signal "b_hst0" is read inside the Process Statement but isn't in the Process Statement's sensitivity list
Warning (10492): VHDL Process Statement warning at casovac.vhd(142): signal "b_hst1" is read inside the Process Statement but isn't in the Process Statement's sensitivity list
Warning (10492): VHDL Process Statement warning at casovac.vhd(145): signal "pause" is read inside the Process Statement but isn't in the Process Statement's sensitivity list
Warning (10492): VHDL Process Statement warning at casovac.vhd(146): signal "b_hst1" is read inside the Process Statement but isn't in the Process Statement's sensitivity list
Warning (10492): VHDL Process Statement warning at casovac.vhd(147): signal "b_hst1" is read inside the Process Statement but isn't in the Process Statement's sensitivity list
Warning (10492): VHDL Process Statement warning at casovac.vhd(149): signal "b_hst0" is read inside the Process Statement but isn't in the Process Statement's sensitivity list
Warning (10631): VHDL Process Statement warning at casovac.vhd(120): inferring latch(es) for signal or variable "b_dom0", which holds its previous value in one or more paths through the process
Warning (10631): VHDL Process Statement warning at casovac.vhd(120): inferring latch(es) for signal or variable "b_dom1", which holds its previous value in one or more paths through the process
Warning (10631): VHDL Process Statement warning at casovac.vhd(120): inferring latch(es) for signal or variable "b_hst0", which holds its previous value in one or more paths through the process
Warning (10631): VHDL Process Statement warning at casovac.vhd(120): inferring latch(es) for signal or variable "b_hst1", which holds its previous value in one or more paths through the process
Info (10041): Inferred latch for "b_hst1[0]" at casovac.vhd(120)
Info (10041): Inferred latch for "b_hst1[1]" at casovac.vhd(120)
Info (10041): Inferred latch for "b_hst1[2]" at casovac.vhd(120)
Info (10041): Inferred latch for "b_hst1[3]" at casovac.vhd(120)
Info (10041): Inferred latch for "b_hst0[0]" at casovac.vhd(120)
Info (10041): Inferred latch for "b_hst0[1]" at casovac.vhd(120)
Info (10041): Inferred latch for "b_hst0[2]" at casovac.vhd(120)
Info (10041): Inferred latch for "b_hst0[3]" at casovac.vhd(120)
Info (10041): Inferred latch for "b_dom1[0]" at casovac.vhd(120)
Info (10041): Inferred latch for "b_dom1[1]" at casovac.vhd(120)
Info (10041): Inferred latch for "b_dom1[2]" at casovac.vhd(120)
Info (10041): Inferred latch for "b_dom1[3]" at casovac.vhd(120)
Info (10041): Inferred latch for "b_dom0[0]" at casovac.vhd(120)
Info (10041): Inferred latch for "b_dom0[1]" at casovac.vhd(120)
Info (10041): Inferred latch for "b_dom0[2]" at casovac.vhd(120)
Info (10041): Inferred latch for "b_dom0[3]" at casovac.vhd(120)
Warning: Latch b_dom0[1] has unsafe behavior
    Warning: Ports D and ENA on the latch are fed by the same signal b_dom0[1]
Warning: Latch b_dom0[2] has unsafe behavior
    Warning: Ports D and ENA on the latch are fed by the same signal b_dom0[2]
Warning: Latch b_dom0[3] has unsafe behavior
    Warning: Ports D and ENA on the latch are fed by the same signal b_dom0[3]
Warning: Latch b_hst0[1] has unsafe behavior
    Warning: Ports D and ENA on the latch are fed by the same signal b_hst0[1]
Warning: Latch b_hst0[2] has unsafe behavior
    Warning: Ports D and ENA on the latch are fed by the same signal b_hst0[2]
Warning: Latch b_hst0[3] has unsafe behavior
    Warning: Ports D and ENA on the latch are fed by the same signal b_hst0[3]
Warning: Latch b_dom1[1] has unsafe behavior
    Warning: Ports D and ENA on the latch are fed by the same signal b_dom1[1]
Warning: Latch b_dom1[2] has unsafe behavior
    Warning: Ports D and ENA on the latch are fed by the same signal b_dom1[2]
Warning: Latch b_dom1[3] has unsafe behavior
    Warning: Ports D and ENA on the latch are fed by the same signal b_dom1[1]
Warning: Latch b_hst1[1] has unsafe behavior
    Warning: Ports D and ENA on the latch are fed by the same signal b_hst1[3]
Warning: Latch b_hst1[2] has unsafe behavior
    Warning: Ports D and ENA on the latch are fed by the same signal b_hst1[2]
Warning: Latch b_hst1[3] has unsafe behavior
    Warning: Ports D and ENA on the latch are fed by the same signal b_hst1[3]
Info: Registers with preset signals will power-up high
Info: DEV_CLRn pin will set, and not reset, register with preset signal due to NOT Gate Push-Back
Warning: Presettable and clearable registers converted to equivalent circuits with latches. Registers power-up to an undefined state, and DEVCLRn places the registers in an undefined state.
    Warning (13310): Register "pause" is converted into an equivalent circuit using register "pause~_emulated" and latch "pause~latch"
Warning: Output pins are stuck at VCC or GND
    Warning (13410): Pin "segmenty[0]" is stuck at VCC
Info: Implemented 299 device resources after synthesis - the final resource count might be different
    Info: Implemented 5 input pins
    Info: Implemented 16 output pins
    Info: Implemented 278 logic cells
Info: Quartus II Analysis & Synthesis was successful. 0 errors, 46 warnings
    Info: Peak virtual memory: 196 megabytes
    Info: Processing ended: Tue May 12 21:56:45 2015
    Info: Elapsed time: 00:00:21
    Info: Total CPU time (on all processors): 00:00:13


