Analysis & Synthesis report for smajlik
Tue May 12 17:52:20 2015
Quartus II Version 9.1 Build 350 03/24/2010 Service Pack 2 SJ Web Edition


---------------------
; Table of Contents ;
---------------------
  1. Legal Notice
  2. Analysis & Synthesis Summary
  3. Analysis & Synthesis Settings
  4. Analysis & Synthesis Source Files Read
  5. Analysis & Synthesis Resource Usage Summary
  6. Analysis & Synthesis Resource Utilization by Entity
  7. User-Specified and Inferred Latches
  8. General Register Statistics
  9. Inverted Register Statistics
 10. Multiplexer Restructuring Statistics (Restructuring Performed)
 11. Analysis & Synthesis Messages



----------------
; Legal Notice ;
----------------
Copyright (C) 1991-2010 Altera Corporation
Your use of Altera Corporation's design tools, logic functions 
and other software and tools, and its AMPP partner logic 
functions, and any output files from any of the foregoing 
(including device programming or simulation files), and any 
associated documentation or information are expressly subject 
to the terms and conditions of the Altera Program License 
Subscription Agreement, Altera MegaCore Function License 
Agreement, or other applicable license agreement, including, 
without limitation, that your use is for the sole purpose of 
programming logic devices manufactured by Altera and sold by 
Altera or its authorized distributors.  Please refer to the 
applicable agreement for further details.



+-----------------------------------------------------------------------------------+
; Analysis & Synthesis Summary                                                      ;
+------------------------------------+----------------------------------------------+
; Analysis & Synthesis Status        ; Successful - Tue May 12 17:52:20 2015        ;
; Quartus II Version                 ; 9.1 Build 350 03/24/2010 SP 2 SJ Web Edition ;
; Revision Name                      ; smajlik                                      ;
; Top-level Entity Name              ; smajlik                                      ;
; Family                             ; Cyclone II                                   ;
; Total logic elements               ; 120                                          ;
;     Total combinational functions  ; 114                                          ;
;     Dedicated logic registers      ; 24                                           ;
; Total registers                    ; 24                                           ;
; Total pins                         ; 21                                           ;
; Total virtual pins                 ; 0                                            ;
; Total memory bits                  ; 0                                            ;
; Embedded Multiplier 9-bit elements ; 0                                            ;
; Total PLLs                         ; 0                                            ;
+------------------------------------+----------------------------------------------+


+----------------------------------------------------------------------------------------------------------------------+
; Analysis & Synthesis Settings                                                                                        ;
+----------------------------------------------------------------------------+--------------------+--------------------+
; Option                                                                     ; Setting            ; Default Value      ;
+----------------------------------------------------------------------------+--------------------+--------------------+
; Device                                                                     ; EP2C5T144C8        ;                    ;
; Top-level entity name                                                      ; smajlik            ; smajlik            ;
; Family name                                                                ; Cyclone II         ; Stratix II         ;
; Use Generated Physical Constraints File                                    ; Off                ;                    ;
; Use smart compilation                                                      ; Off                ; Off                ;
; Enable parallel Assembler and TimeQuest Timing Analyzer during compilation ; On                 ; On                 ;
; Enable compact report table                                                ; Off                ; Off                ;
; Restructure Multiplexers                                                   ; Auto               ; Auto               ;
; Create Debugging Nodes for IP Cores                                        ; Off                ; Off                ;
; Preserve fewer node names                                                  ; On                 ; On                 ;
; Disable OpenCore Plus hardware evaluation                                  ; Off                ; Off                ;
; Verilog Version                                                            ; Verilog_2001       ; Verilog_2001       ;
; VHDL Version                                                               ; VHDL_1993          ; VHDL_1993          ;
; State Machine Processing                                                   ; Auto               ; Auto               ;
; Safe State Machine                                                         ; Off                ; Off                ;
; Extract Verilog State Machines                                             ; On                 ; On                 ;
; Extract VHDL State Machines                                                ; On                 ; On                 ;
; Ignore Verilog initial constructs                                          ; Off                ; Off                ;
; Iteration limit for constant Verilog loops                                 ; 5000               ; 5000               ;
; Iteration limit for non-constant Verilog loops                             ; 250                ; 250                ;
; Add Pass-Through Logic to Inferred RAMs                                    ; On                 ; On                 ;
; Parallel Synthesis                                                         ; On                 ; On                 ;
; DSP Block Balancing                                                        ; Auto               ; Auto               ;
; NOT Gate Push-Back                                                         ; On                 ; On                 ;
; Power-Up Don't Care                                                        ; On                 ; On                 ;
; Remove Redundant Logic Cells                                               ; Off                ; Off                ;
; Remove Duplicate Registers                                                 ; On                 ; On                 ;
; Ignore CARRY Buffers                                                       ; Off                ; Off                ;
; Ignore CASCADE Buffers                                                     ; Off                ; Off                ;
; Ignore GLOBAL Buffers                                                      ; Off                ; Off                ;
; Ignore ROW GLOBAL Buffers                                                  ; Off                ; Off                ;
; Ignore LCELL Buffers                                                       ; Off                ; Off                ;
; Ignore SOFT Buffers                                                        ; On                 ; On                 ;
; Limit AHDL Integers to 32 Bits                                             ; Off                ; Off                ;
; Optimization Technique                                                     ; Balanced           ; Balanced           ;
; Carry Chain Length                                                         ; 70                 ; 70                 ;
; Auto Carry Chains                                                          ; On                 ; On                 ;
; Auto Open-Drain Pins                                                       ; On                 ; On                 ;
; Perform WYSIWYG Primitive Resynthesis                                      ; Off                ; Off                ;
; Auto ROM Replacement                                                       ; On                 ; On                 ;
; Auto RAM Replacement                                                       ; On                 ; On                 ;
; Auto Shift Register Replacement                                            ; Auto               ; Auto               ;
; Auto Clock Enable Replacement                                              ; On                 ; On                 ;
; Strict RAM Replacement                                                     ; Off                ; Off                ;
; Allow Synchronous Control Signals                                          ; On                 ; On                 ;
; Force Use of Synchronous Clear Signals                                     ; Off                ; Off                ;
; Auto RAM to Logic Cell Conversion                                          ; Off                ; Off                ;
; Auto Resource Sharing                                                      ; Off                ; Off                ;
; Allow Any RAM Size For Recognition                                         ; Off                ; Off                ;
; Allow Any ROM Size For Recognition                                         ; Off                ; Off                ;
; Allow Any Shift Register Size For Recognition                              ; Off                ; Off                ;
; Use LogicLock Constraints during Resource Balancing                        ; On                 ; On                 ;
; Ignore translate_off and synthesis_off directives                          ; Off                ; Off                ;
; Timing-Driven Synthesis                                                    ; Off                ; Off                ;
; Show Parameter Settings Tables in Synthesis Report                         ; On                 ; On                 ;
; Ignore Maximum Fan-Out Assignments                                         ; Off                ; Off                ;
; Synchronization Register Chain Length                                      ; 2                  ; 2                  ;
; PowerPlay Power Optimization                                               ; Normal compilation ; Normal compilation ;
; HDL message level                                                          ; Level2             ; Level2             ;
; Suppress Register Optimization Related Messages                            ; Off                ; Off                ;
; Number of Removed Registers Reported in Synthesis Report                   ; 5000               ; 5000               ;
; Number of Inverted Registers Reported in Synthesis Report                  ; 100                ; 100                ;
; Clock MUX Protection                                                       ; On                 ; On                 ;
; Auto Gated Clock Conversion                                                ; Off                ; Off                ;
; Block Design Naming                                                        ; Auto               ; Auto               ;
; SDC constraint protection                                                  ; Off                ; Off                ;
; Synthesis Effort                                                           ; Auto               ; Auto               ;
; Shift Register Replacement - Allow Asynchronous Clear Signal               ; On                 ; On                 ;
; Analysis & Synthesis Message Level                                         ; Medium             ; Medium             ;
; Disable Register Merging Across Hierarchies                                ; Auto               ; Auto               ;
; Resource Aware Inference For Block RAM                                     ; On                 ; On                 ;
+----------------------------------------------------------------------------+--------------------+--------------------+


+------------------------------------------------------------------------------------------------------+
; Analysis & Synthesis Source Files Read                                                               ;
+----------------------------------+-----------------+-----------------+-------------------------------+
; File Name with User-Entered Path ; Used in Netlist ; File Type       ; File Name with Absolute Path  ;
+----------------------------------+-----------------+-----------------+-------------------------------+
; smajlik.vhd                      ; yes             ; User VHDL File  ; Z:/CST - Smajlici/smajlik.vhd ;
+----------------------------------+-----------------+-----------------+-------------------------------+


+-------------------------------------------------------+
; Analysis & Synthesis Resource Usage Summary           ;
+---------------------------------------------+---------+
; Resource                                    ; Usage   ;
+---------------------------------------------+---------+
; Estimated Total logic elements              ; 120     ;
;                                             ;         ;
; Total combinational functions               ; 114     ;
; Logic element usage by number of LUT inputs ;         ;
;     -- 4 input functions                    ; 44      ;
;     -- 3 input functions                    ; 47      ;
;     -- <=2 input functions                  ; 23      ;
;                                             ;         ;
; Logic elements by mode                      ;         ;
;     -- normal mode                          ; 100     ;
;     -- arithmetic mode                      ; 14      ;
;                                             ;         ;
; Total registers                             ; 24      ;
;     -- Dedicated logic registers            ; 24      ;
;     -- I/O registers                        ; 0       ;
;                                             ;         ;
; I/O pins                                    ; 21      ;
; Maximum fan-out node                        ; regs[2] ;
; Maximum fan-out                             ; 19      ;
; Total fan-out                               ; 423     ;
; Average fan-out                             ; 2.66    ;
+---------------------------------------------+---------+


+-----------------------------------------------------------------------------------------------------------------------------------------------------------------------------+
; Analysis & Synthesis Resource Utilization by Entity                                                                                                                         ;
+----------------------------+-------------------+--------------+-------------+--------------+---------+-----------+------+--------------+---------------------+--------------+
; Compilation Hierarchy Node ; LC Combinationals ; LC Registers ; Memory Bits ; DSP Elements ; DSP 9x9 ; DSP 18x18 ; Pins ; Virtual Pins ; Full Hierarchy Name ; Library Name ;
+----------------------------+-------------------+--------------+-------------+--------------+---------+-----------+------+--------------+---------------------+--------------+
; |smajlik                   ; 114 (114)         ; 24 (24)      ; 0           ; 0            ; 0       ; 0         ; 21   ; 0            ; |smajlik            ; work         ;
+----------------------------+-------------------+--------------+-------------+--------------+---------+-----------+------+--------------+---------------------+--------------+
Note: For table entries with two numbers listed, the numbers in parentheses indicate the number of resources of the given type used by the specific entity alone. The numbers listed outside of parentheses indicate the total resources of the given type used by the specific entity and all of its sub-entities in the hierarchy.


+----------------------------------------------------------------------------------------------------+
; User-Specified and Inferred Latches                                                                ;
+-----------------------------------------------------+---------------------+------------------------+
; Latch Name                                          ; Latch Enable Signal ; Free of Timing Hazards ;
+-----------------------------------------------------+---------------------+------------------------+
; rd4[0]                                              ; GND                 ; yes                    ;
; rd3[0]                                              ; GND                 ; yes                    ;
; rd5[0]                                              ; GND                 ; yes                    ;
; rd1[1]                                              ; GND                 ; yes                    ;
; rd6[1]                                              ; GND                 ; yes                    ;
; rd5[1]                                              ; GND                 ; yes                    ;
; rd7[2]                                              ; GND                 ; yes                    ;
; rd6[2]                                              ; GND                 ; yes                    ;
; rd5[2]                                              ; GND                 ; yes                    ;
; rd2[2]                                              ; GND                 ; yes                    ;
; rd3[2]                                              ; GND                 ; yes                    ;
; rd0[3]                                              ; GND                 ; yes                    ;
; rd6[3]                                              ; GND                 ; yes                    ;
; rd5[3]                                              ; GND                 ; yes                    ;
; rd4[3]                                              ; GND                 ; yes                    ;
; rd4[4]                                              ; GND                 ; yes                    ;
; rd1[4]                                              ; GND                 ; yes                    ;
; rd6[4]                                              ; GND                 ; yes                    ;
; rd5[4]                                              ; GND                 ; yes                    ;
; rd7[4]                                              ; GND                 ; yes                    ;
; rd4[5]                                              ; GND                 ; yes                    ;
; rd1[5]                                              ; GND                 ; yes                    ;
; rd6[5]                                              ; GND                 ; yes                    ;
; rd5[5]                                              ; GND                 ; yes                    ;
; rd7[5]                                              ; GND                 ; yes                    ;
; rd7[6]                                              ; GND                 ; yes                    ;
; rd2[6]                                              ; GND                 ; yes                    ;
; rd3[6]                                              ; GND                 ; yes                    ;
; rd1[6]                                              ; GND                 ; yes                    ;
; rd4[7]                                              ; GND                 ; yes                    ;
; rd6[7]                                              ; GND                 ; yes                    ;
; rd5[7]                                              ; GND                 ; yes                    ;
; Number of user-specified and inferred latches = 32  ;                     ;                        ;
+-----------------------------------------------------+---------------------+------------------------+
Note: All latches listed above may not be present at the end of synthesis due to various synthesis optimizations.


+------------------------------------------------------+
; General Register Statistics                          ;
+----------------------------------------------+-------+
; Statistic                                    ; Value ;
+----------------------------------------------+-------+
; Total registers                              ; 24    ;
; Number of registers using Synchronous Clear  ; 0     ;
; Number of registers using Synchronous Load   ; 0     ;
; Number of registers using Asynchronous Clear ; 0     ;
; Number of registers using Asynchronous Load  ; 0     ;
; Number of registers using Clock Enable       ; 0     ;
; Number of registers using Preset             ; 0     ;
+----------------------------------------------+-------+


+--------------------------------------------------+
; Inverted Register Statistics                     ;
+----------------------------------------+---------+
; Inverted Register                      ; Fan out ;
+----------------------------------------+---------+
; regs[0]                                ; 11      ;
; Total number of inverted registers = 1 ;         ;
+----------------------------------------+---------+


+------------------------------------------------------------------------------------------------------------------------------------------+
; Multiplexer Restructuring Statistics (Restructuring Performed)                                                                           ;
+--------------------+-----------+---------------+----------------------+------------------------+------------+----------------------------+
; Multiplexer Inputs ; Bus Width ; Baseline Area ; Area if Restructured ; Saving if Restructured ; Registered ; Example Multiplexer Output ;
+--------------------+-----------+---------------+----------------------+------------------------+------------+----------------------------+
; 256:1              ; 2 bits    ; 340 LEs       ; 16 LEs               ; 324 LEs                ; No         ; |smajlik|Mux3              ;
+--------------------+-----------+---------------+----------------------+------------------------+------------+----------------------------+


+-------------------------------+
; Analysis & Synthesis Messages ;
+-------------------------------+
Info: *******************************************************************
Info: Running Quartus II Analysis & Synthesis
    Info: Version 9.1 Build 350 03/24/2010 Service Pack 2 SJ Web Edition
    Info: Processing started: Tue May 12 17:51:41 2015
Info: Command: quartus_map --read_settings_files=on --write_settings_files=off smajlik -c smajlik
Info: Found 2 design units, including 1 entities, in source file smajlik.vhd
    Info: Found design unit 1: smajlik-Behavioral
    Info: Found entity 1: smajlik
Info: Elaborating entity "smajlik" for the top level hierarchy
Warning (10631): VHDL Process Statement warning at smajlik.vhd(69): inferring latch(es) for signal or variable "rd0", which holds its previous value in one or more paths through the process
Warning (10631): VHDL Process Statement warning at smajlik.vhd(69): inferring latch(es) for signal or variable "rd1", which holds its previous value in one or more paths through the process
Warning (10631): VHDL Process Statement warning at smajlik.vhd(69): inferring latch(es) for signal or variable "rd2", which holds its previous value in one or more paths through the process
Warning (10631): VHDL Process Statement warning at smajlik.vhd(69): inferring latch(es) for signal or variable "rd3", which holds its previous value in one or more paths through the process
Warning (10631): VHDL Process Statement warning at smajlik.vhd(69): inferring latch(es) for signal or variable "rd4", which holds its previous value in one or more paths through the process
Warning (10631): VHDL Process Statement warning at smajlik.vhd(69): inferring latch(es) for signal or variable "rd5", which holds its previous value in one or more paths through the process
Warning (10631): VHDL Process Statement warning at smajlik.vhd(69): inferring latch(es) for signal or variable "rd6", which holds its previous value in one or more paths through the process
Warning (10631): VHDL Process Statement warning at smajlik.vhd(69): inferring latch(es) for signal or variable "rd7", which holds its previous value in one or more paths through the process
Info (10041): Inferred latch for "rd7[0]" at smajlik.vhd(69)
Info (10041): Inferred latch for "rd7[1]" at smajlik.vhd(69)
Info (10041): Inferred latch for "rd7[2]" at smajlik.vhd(69)
Info (10041): Inferred latch for "rd7[3]" at smajlik.vhd(69)
Info (10041): Inferred latch for "rd7[4]" at smajlik.vhd(69)
Info (10041): Inferred latch for "rd7[5]" at smajlik.vhd(69)
Info (10041): Inferred latch for "rd7[6]" at smajlik.vhd(69)
Info (10041): Inferred latch for "rd7[7]" at smajlik.vhd(69)
Info (10041): Inferred latch for "rd6[0]" at smajlik.vhd(69)
Info (10041): Inferred latch for "rd6[1]" at smajlik.vhd(69)
Info (10041): Inferred latch for "rd6[2]" at smajlik.vhd(69)
Info (10041): Inferred latch for "rd6[3]" at smajlik.vhd(69)
Info (10041): Inferred latch for "rd6[4]" at smajlik.vhd(69)
Info (10041): Inferred latch for "rd6[5]" at smajlik.vhd(69)
Info (10041): Inferred latch for "rd6[6]" at smajlik.vhd(69)
Info (10041): Inferred latch for "rd6[7]" at smajlik.vhd(69)
Info (10041): Inferred latch for "rd5[0]" at smajlik.vhd(69)
Info (10041): Inferred latch for "rd5[1]" at smajlik.vhd(69)
Info (10041): Inferred latch for "rd5[2]" at smajlik.vhd(69)
Info (10041): Inferred latch for "rd5[3]" at smajlik.vhd(69)
Info (10041): Inferred latch for "rd5[4]" at smajlik.vhd(69)
Info (10041): Inferred latch for "rd5[5]" at smajlik.vhd(69)
Info (10041): Inferred latch for "rd5[6]" at smajlik.vhd(69)
Info (10041): Inferred latch for "rd5[7]" at smajlik.vhd(69)
Info (10041): Inferred latch for "rd4[0]" at smajlik.vhd(69)
Info (10041): Inferred latch for "rd4[1]" at smajlik.vhd(69)
Info (10041): Inferred latch for "rd4[2]" at smajlik.vhd(69)
Info (10041): Inferred latch for "rd4[3]" at smajlik.vhd(69)
Info (10041): Inferred latch for "rd4[4]" at smajlik.vhd(69)
Info (10041): Inferred latch for "rd4[5]" at smajlik.vhd(69)
Info (10041): Inferred latch for "rd4[6]" at smajlik.vhd(69)
Info (10041): Inferred latch for "rd4[7]" at smajlik.vhd(69)
Info (10041): Inferred latch for "rd3[0]" at smajlik.vhd(69)
Info (10041): Inferred latch for "rd3[1]" at smajlik.vhd(69)
Info (10041): Inferred latch for "rd3[2]" at smajlik.vhd(69)
Info (10041): Inferred latch for "rd3[3]" at smajlik.vhd(69)
Info (10041): Inferred latch for "rd3[4]" at smajlik.vhd(69)
Info (10041): Inferred latch for "rd3[5]" at smajlik.vhd(69)
Info (10041): Inferred latch for "rd3[6]" at smajlik.vhd(69)
Info (10041): Inferred latch for "rd3[7]" at smajlik.vhd(69)
Info (10041): Inferred latch for "rd2[0]" at smajlik.vhd(69)
Info (10041): Inferred latch for "rd2[1]" at smajlik.vhd(69)
Info (10041): Inferred latch for "rd2[2]" at smajlik.vhd(69)
Info (10041): Inferred latch for "rd2[3]" at smajlik.vhd(69)
Info (10041): Inferred latch for "rd2[4]" at smajlik.vhd(69)
Info (10041): Inferred latch for "rd2[5]" at smajlik.vhd(69)
Info (10041): Inferred latch for "rd2[6]" at smajlik.vhd(69)
Info (10041): Inferred latch for "rd2[7]" at smajlik.vhd(69)
Info (10041): Inferred latch for "rd1[0]" at smajlik.vhd(69)
Info (10041): Inferred latch for "rd1[1]" at smajlik.vhd(69)
Info (10041): Inferred latch for "rd1[2]" at smajlik.vhd(69)
Info (10041): Inferred latch for "rd1[3]" at smajlik.vhd(69)
Info (10041): Inferred latch for "rd1[4]" at smajlik.vhd(69)
Info (10041): Inferred latch for "rd1[5]" at smajlik.vhd(69)
Info (10041): Inferred latch for "rd1[6]" at smajlik.vhd(69)
Info (10041): Inferred latch for "rd1[7]" at smajlik.vhd(69)
Info (10041): Inferred latch for "rd0[0]" at smajlik.vhd(69)
Info (10041): Inferred latch for "rd0[1]" at smajlik.vhd(69)
Info (10041): Inferred latch for "rd0[2]" at smajlik.vhd(69)
Info (10041): Inferred latch for "rd0[3]" at smajlik.vhd(69)
Info (10041): Inferred latch for "rd0[4]" at smajlik.vhd(69)
Info (10041): Inferred latch for "rd0[5]" at smajlik.vhd(69)
Info (10041): Inferred latch for "rd0[6]" at smajlik.vhd(69)
Info (10041): Inferred latch for "rd0[7]" at smajlik.vhd(69)
Info: Implemented 141 device resources after synthesis - the final resource count might be different
    Info: Implemented 5 input pins
    Info: Implemented 16 output pins
    Info: Implemented 120 logic cells
Info: Quartus II Analysis & Synthesis was successful. 0 errors, 8 warnings
    Info: Peak virtual memory: 185 megabytes
    Info: Processing ended: Tue May 12 17:52:20 2015
    Info: Elapsed time: 00:00:39
    Info: Total CPU time (on all processors): 00:00:05


