Classic Timing Analyzer report for scitacka
Wed Feb 04 14:48:49 2015
Quartus II Version 9.1 Build 222 10/21/2009 SJ Web Edition


---------------------
; Table of Contents ;
---------------------
  1. Legal Notice
  2. Timing Analyzer Summary
  3. Timing Analyzer Settings
  4. Parallel Compilation
  5. tpd
  6. Timing Analyzer Messages



----------------
; Legal Notice ;
----------------
Copyright (C) 1991-2009 Altera Corporation
Your use of Altera Corporation's design tools, logic functions 
and other software and tools, and its AMPP partner logic 
functions, and any output files from any of the foregoing 
(including device programming or simulation files), and any 
associated documentation or information are expressly subject 
to the terms and conditions of the Altera Program License 
Subscription Agreement, Altera MegaCore Function License 
Agreement, or other applicable license agreement, including, 
without limitation, that your use is for the sole purpose of 
programming logic devices manufactured by Altera and sold by 
Altera or its authorized distributors.  Please refer to the 
applicable agreement for further details.



+-----------------------------------------------------------------------------------------------------------------------+
; Timing Analyzer Summary                                                                                               ;
+------------------------------+-------+---------------+-------------+------+----+------------+----------+--------------+
; Type                         ; Slack ; Required Time ; Actual Time ; From ; To ; From Clock ; To Clock ; Failed Paths ;
+------------------------------+-------+---------------+-------------+------+----+------------+----------+--------------+
; Worst-case tpd               ; N/A   ; None          ; 13.221 ns   ; B1   ; Y1 ; --         ; --       ; 0            ;
; Total number of failed paths ;       ;               ;             ;      ;    ;            ;          ; 0            ;
+------------------------------+-------+---------------+-------------+------+----+------------+----------+--------------+


+-----------------------------------------------------------------------------------------------------------------------------------------------------+
; Timing Analyzer Settings                                                                                                                            ;
+------------------------------------------------------------------------------------------------------+--------------------+------+----+-------------+
; Option                                                                                               ; Setting            ; From ; To ; Entity Name ;
+------------------------------------------------------------------------------------------------------+--------------------+------+----+-------------+
; Device Name                                                                                          ; EP2C5T144C8        ;      ;    ;             ;
; Timing Models                                                                                        ; Final              ;      ;    ;             ;
; Default hold multicycle                                                                              ; Same as Multicycle ;      ;    ;             ;
; Cut paths between unrelated clock domains                                                            ; On                 ;      ;    ;             ;
; Cut off read during write signal paths                                                               ; On                 ;      ;    ;             ;
; Cut off feedback from I/O pins                                                                       ; On                 ;      ;    ;             ;
; Report Combined Fast/Slow Timing                                                                     ; Off                ;      ;    ;             ;
; Ignore Clock Settings                                                                                ; Off                ;      ;    ;             ;
; Analyze latches as synchronous elements                                                              ; On                 ;      ;    ;             ;
; Enable Recovery/Removal analysis                                                                     ; Off                ;      ;    ;             ;
; Enable Clock Latency                                                                                 ; Off                ;      ;    ;             ;
; Use TimeQuest Timing Analyzer                                                                        ; Off                ;      ;    ;             ;
; Minimum Core Junction Temperature                                                                    ; 0                  ;      ;    ;             ;
; Maximum Core Junction Temperature                                                                    ; 85                 ;      ;    ;             ;
; Number of source nodes to report per destination node                                                ; 10                 ;      ;    ;             ;
; Number of destination nodes to report                                                                ; 10                 ;      ;    ;             ;
; Number of paths to report                                                                            ; 200                ;      ;    ;             ;
; Report Minimum Timing Checks                                                                         ; Off                ;      ;    ;             ;
; Use Fast Timing Models                                                                               ; Off                ;      ;    ;             ;
; Report IO Paths Separately                                                                           ; Off                ;      ;    ;             ;
; Perform Multicorner Analysis                                                                         ; On                 ;      ;    ;             ;
; Reports the worst-case path for each clock domain and analysis                                       ; Off                ;      ;    ;             ;
; Reports worst-case timing paths for each clock domain and analysis                                   ; On                 ;      ;    ;             ;
; Specifies the maximum number of worst-case timing paths to report for each clock domain and analysis ; 100                ;      ;    ;             ;
; Removes common clock path pessimism (CCPP) during slack computation                                  ; Off                ;      ;    ;             ;
; Output I/O Timing Endpoint                                                                           ; Near End           ;      ;    ;             ;
+------------------------------------------------------------------------------------------------------+--------------------+------+----+-------------+


Parallel compilation was disabled, but you have multiple processors available. Enable parallel compilation to reduce compilation time.
+-------------------------------------+
; Parallel Compilation                ;
+----------------------------+--------+
; Processors                 ; Number ;
+----------------------------+--------+
; Number detected on machine ; 2      ;
; Maximum allowed            ; 1      ;
+----------------------------+--------+


+---------------------------------------------------------+
; tpd                                                     ;
+-------+-------------------+-----------------+------+----+
; Slack ; Required P2P Time ; Actual P2P Time ; From ; To ;
+-------+-------------------+-----------------+------+----+
; N/A   ; None              ; 13.221 ns       ; B1   ; Y1 ;
; N/A   ; None              ; 12.999 ns       ; B7   ; Y7 ;
; N/A   ; None              ; 12.991 ns       ; A3   ; Y3 ;
; N/A   ; None              ; 12.979 ns       ; A0   ; Y0 ;
; N/A   ; None              ; 12.800 ns       ; B0   ; Y0 ;
; N/A   ; None              ; 12.738 ns       ; A7   ; Y7 ;
; N/A   ; None              ; 12.729 ns       ; A1   ; Y1 ;
; N/A   ; None              ; 12.290 ns       ; B5   ; Y5 ;
; N/A   ; None              ; 11.404 ns       ; B2   ; Y2 ;
; N/A   ; None              ; 11.368 ns       ; A2   ; Y2 ;
; N/A   ; None              ; 11.324 ns       ; B6   ; Y6 ;
; N/A   ; None              ; 10.878 ns       ; A6   ; Y6 ;
; N/A   ; None              ; 8.499 ns        ; B3   ; Y3 ;
; N/A   ; None              ; 8.209 ns        ; B4   ; Y4 ;
; N/A   ; None              ; 8.039 ns        ; A4   ; Y4 ;
; N/A   ; None              ; 7.529 ns        ; A5   ; Y5 ;
+-------+-------------------+-----------------+------+----+


+--------------------------+
; Timing Analyzer Messages ;
+--------------------------+
Info: *******************************************************************
Info: Running Quartus II Classic Timing Analyzer
    Info: Version 9.1 Build 222 10/21/2009 SJ Web Edition
    Info: Processing started: Wed Feb 04 14:48:49 2015
Info: Command: quartus_tan --read_settings_files=off --write_settings_files=off scitacka -c scitacka --timing_analysis_only
Info: Longest tpd from source pin "B1" to destination pin "Y1" is 13.221 ns
    Info: 1: + IC(0.000 ns) + CELL(0.945 ns) = 0.945 ns; Loc. = PIN_81; Fanout = 1; PIN Node = 'B1'
    Info: 2: + IC(6.474 ns) + CELL(0.651 ns) = 8.070 ns; Loc. = LCCOMB_X14_Y3_N0; Fanout = 1; COMB Node = 'Y1~0'
    Info: 3: + IC(2.085 ns) + CELL(3.066 ns) = 13.221 ns; Loc. = PIN_28; Fanout = 0; PIN Node = 'Y1'
    Info: Total cell delay = 4.662 ns ( 35.26 % )
    Info: Total interconnect delay = 8.559 ns ( 64.74 % )
Info: Quartus II Classic Timing Analyzer was successful. 0 errors, 0 warnings
    Info: Peak virtual memory: 166 megabytes
    Info: Processing ended: Wed Feb 04 14:48:49 2015
    Info: Elapsed time: 00:00:00
    Info: Total CPU time (on all processors): 00:00:00


