Flow report for servo
Tue Apr 21 15:48:49 2015
Quartus II Version 9.1 Build 350 03/24/2010 Service Pack 2 SJ Web Edition


---------------------
; Table of Contents ;
---------------------
  1. Legal Notice
  2. Flow Summary
  3. Flow Settings
  4. Flow Non-Default Global Settings
  5. Flow Elapsed Time
  6. Flow OS Summary
  7. Flow Log



----------------
; Legal Notice ;
----------------
Copyright (C) 1991-2010 Altera Corporation
Your use of Altera Corporation's design tools, logic functions 
and other software and tools, and its AMPP partner logic 
functions, and any output files from any of the foregoing 
(including device programming or simulation files), and any 
associated documentation or information are expressly subject 
to the terms and conditions of the Altera Program License 
Subscription Agreement, Altera MegaCore Function License 
Agreement, or other applicable license agreement, including, 
without limitation, that your use is for the sole purpose of 
programming logic devices manufactured by Altera and sold by 
Altera or its authorized distributors.  Please refer to the 
applicable agreement for further details.



+-----------------------------------------------------------------------------------+
; Flow Summary                                                                      ;
+------------------------------------+----------------------------------------------+
; Flow Status                        ; Successful - Tue Apr 21 15:48:48 2015        ;
; Quartus II Version                 ; 9.1 Build 350 03/24/2010 SP 2 SJ Web Edition ;
; Revision Name                      ; servo                                        ;
; Top-level Entity Name              ; servo                                        ;
; Family                             ; Cyclone II                                   ;
; Device                             ; EP2C5T144C8                                  ;
; Timing Models                      ; Final                                        ;
; Met timing requirements            ; Yes                                          ;
; Total logic elements               ; 128 / 4,608 ( 3 % )                          ;
;     Total combinational functions  ; 128 / 4,608 ( 3 % )                          ;
;     Dedicated logic registers      ; 62 / 4,608 ( 1 % )                           ;
; Total registers                    ; 62                                           ;
; Total pins                         ; 5 / 89 ( 6 % )                               ;
; Total virtual pins                 ; 0                                            ;
; Total memory bits                  ; 0 / 119,808 ( 0 % )                          ;
; Embedded Multiplier 9-bit elements ; 0 / 26 ( 0 % )                               ;
; Total PLLs                         ; 0 / 2 ( 0 % )                                ;
+------------------------------------+----------------------------------------------+


+-----------------------------------------+
; Flow Settings                           ;
+-------------------+---------------------+
; Option            ; Setting             ;
+-------------------+---------------------+
; Start date & time ; 04/21/2015 15:48:13 ;
; Main task         ; Compilation         ;
; Revision Name     ; servo               ;
+-------------------+---------------------+


+-----------------------------------------------------------------------------------------------------------------+
; Flow Non-Default Global Settings                                                                                ;
+------------------------------------+-----------------------------+---------------+-------------+----------------+
; Assignment Name                    ; Value                       ; Default Value ; Entity Name ; Section Id     ;
+------------------------------------+-----------------------------+---------------+-------------+----------------+
; COMPILER_SIGNATURE_ID              ; 85076083225.142962409003304 ; --            ; --          ; --             ;
; MAX_CORE_JUNCTION_TEMP             ; 85                          ; --            ; --          ; --             ;
; MIN_CORE_JUNCTION_TEMP             ; 0                           ; --            ; --          ; --             ;
; PARTITION_COLOR                    ; 16764057                    ; --            ; --          ; Top            ;
; PARTITION_NETLIST_TYPE             ; SOURCE                      ; --            ; --          ; Top            ;
; USE_GENERATED_PHYSICAL_CONSTRAINTS ; Off                         ; --            ; --          ; eda_blast_fpga ;
+------------------------------------+-----------------------------+---------------+-------------+----------------+


+-----------------------------------------------------------------------------------------------------------------------------+
; Flow Elapsed Time                                                                                                           ;
+-------------------------+--------------+-------------------------+---------------------+------------------------------------+
; Module Name             ; Elapsed Time ; Average Processors Used ; Peak Virtual Memory ; Total CPU Time (on all processors) ;
+-------------------------+--------------+-------------------------+---------------------+------------------------------------+
; Analysis & Synthesis    ; 00:00:13     ; 1.0                     ; 182 MB              ; 00:00:05                           ;
; Fitter                  ; 00:00:12     ; 1.0                     ; 167 MB              ; 00:00:05                           ;
; Assembler               ; 00:00:04     ; 1.0                     ; 151 MB              ; 00:00:02                           ;
; Classic Timing Analyzer ; 00:00:02     ; 1.0                     ; 114 MB              ; 00:00:00                           ;
; Total                   ; 00:00:31     ; --                      ; --                  ; 00:00:12                           ;
+-------------------------+--------------+-------------------------+---------------------+------------------------------------+


+---------------------------------------------------------------------------------------+
; Flow OS Summary                                                                       ;
+-------------------------+------------------+------------+------------+----------------+
; Module Name             ; Machine Hostname ; OS Name    ; OS Version ; Processor type ;
+-------------------------+------------------+------------+------------+----------------+
; Analysis & Synthesis    ; td_dell_d610     ; Windows XP ; 5.1        ; i686           ;
; Fitter                  ; td_dell_d610     ; Windows XP ; 5.1        ; i686           ;
; Assembler               ; td_dell_d610     ; Windows XP ; 5.1        ; i686           ;
; Classic Timing Analyzer ; td_dell_d610     ; Windows XP ; 5.1        ; i686           ;
+-------------------------+------------------+------------+------------+----------------+


------------
; Flow Log ;
------------
quartus_map --read_settings_files=on --write_settings_files=off servo -c servo
quartus_fit --read_settings_files=off --write_settings_files=off servo -c servo
quartus_asm --read_settings_files=off --write_settings_files=off servo -c servo
quartus_tan --read_settings_files=off --write_settings_files=off servo -c servo --timing_analysis_only



