Flow report for Nahoda
Wed Mar 30 16:57:14 2016
Quartus II Version 9.1 Build 350 03/24/2010 Service Pack 2 SJ Web Edition


---------------------
; Table of Contents ;
---------------------
  1. Legal Notice
  2. Flow Summary
  3. Flow Settings
  4. Flow Non-Default Global Settings
  5. Flow Elapsed Time
  6. Flow OS Summary
  7. Flow Log



----------------
; Legal Notice ;
----------------
Copyright (C) 1991-2010 Altera Corporation
Your use of Altera Corporation's design tools, logic functions 
and other software and tools, and its AMPP partner logic 
functions, and any output files from any of the foregoing 
(including device programming or simulation files), and any 
associated documentation or information are expressly subject 
to the terms and conditions of the Altera Program License 
Subscription Agreement, Altera MegaCore Function License 
Agreement, or other applicable license agreement, including, 
without limitation, that your use is for the sole purpose of 
programming logic devices manufactured by Altera and sold by 
Altera or its authorized distributors.  Please refer to the 
applicable agreement for further details.



+-----------------------------------------------------------------------------------+
; Flow Summary                                                                      ;
+------------------------------------+----------------------------------------------+
; Flow Status                        ; Successful - Wed Mar 30 16:57:14 2016        ;
; Quartus II Version                 ; 9.1 Build 350 03/24/2010 SP 2 SJ Web Edition ;
; Revision Name                      ; Nahoda                                       ;
; Top-level Entity Name              ; Nahoda                                       ;
; Family                             ; Cyclone II                                   ;
; Device                             ; EP2C5T144C8                                  ;
; Timing Models                      ; Final                                        ;
; Met timing requirements            ; Yes                                          ;
; Total logic elements               ; 207 / 4,608 ( 4 % )                          ;
;     Total combinational functions  ; 207 / 4,608 ( 4 % )                          ;
;     Dedicated logic registers      ; 88 / 4,608 ( 2 % )                           ;
; Total registers                    ; 88                                           ;
; Total pins                         ; 17 / 89 ( 19 % )                             ;
; Total virtual pins                 ; 0                                            ;
; Total memory bits                  ; 0 / 119,808 ( 0 % )                          ;
; Embedded Multiplier 9-bit elements ; 0 / 26 ( 0 % )                               ;
; Total PLLs                         ; 0 / 2 ( 0 % )                                ;
+------------------------------------+----------------------------------------------+


+-----------------------------------------+
; Flow Settings                           ;
+-------------------+---------------------+
; Option            ; Setting             ;
+-------------------+---------------------+
; Start date & time ; 03/30/2016 16:56:46 ;
; Main task         ; Compilation         ;
; Revision Name     ; Nahoda              ;
+-------------------+---------------------+


+-----------------------------------------------------------------------------------------------------------------------------+
; Flow Non-Default Global Settings                                                                                            ;
+------------------------------------+-----------------------------------------+---------------+-------------+----------------+
; Assignment Name                    ; Value                                   ; Default Value ; Entity Name ; Section Id     ;
+------------------------------------+-----------------------------------------+---------------+-------------+----------------+
; COMPILER_SIGNATURE_ID              ; 85076083225.145934980606068             ; --            ; --          ; --             ;
; MAX_CORE_JUNCTION_TEMP             ; 85                                      ; --            ; --          ; --             ;
; MIN_CORE_JUNCTION_TEMP             ; 0                                       ; --            ; --          ; --             ;
; MISC_FILE                          ; D:/xA/Škola/CST/Nahoda.dpf              ; --            ; --          ; --             ;
; MISC_FILE                          ; D:/xA/Škola/CST/CST - Nahoda/Nahoda.dpf ; --            ; --          ; --             ;
; PARTITION_COLOR                    ; 16764057                                ; --            ; --          ; Top            ;
; PARTITION_NETLIST_TYPE             ; SOURCE                                  ; --            ; --          ; Top            ;
; USE_GENERATED_PHYSICAL_CONSTRAINTS ; Off                                     ; --            ; --          ; eda_blast_fpga ;
+------------------------------------+-----------------------------------------+---------------+-------------+----------------+


+-----------------------------------------------------------------------------------------------------------------------------+
; Flow Elapsed Time                                                                                                           ;
+-------------------------+--------------+-------------------------+---------------------+------------------------------------+
; Module Name             ; Elapsed Time ; Average Processors Used ; Peak Virtual Memory ; Total CPU Time (on all processors) ;
+-------------------------+--------------+-------------------------+---------------------+------------------------------------+
; Analysis & Synthesis    ; 00:00:10     ; 1.0                     ; 189 MB              ; 00:00:09                           ;
; Fitter                  ; 00:00:06     ; 1.0                     ; 167 MB              ; 00:00:04                           ;
; Assembler               ; 00:00:03     ; 1.0                     ; 151 MB              ; 00:00:02                           ;
; Classic Timing Analyzer ; 00:00:02     ; 1.0                     ; 114 MB              ; 00:00:01                           ;
; Total                   ; 00:00:21     ; --                      ; --                  ; 00:00:16                           ;
+-------------------------+--------------+-------------------------+---------------------+------------------------------------+


+---------------------------------------------------------------------------------------+
; Flow OS Summary                                                                       ;
+-------------------------+------------------+------------+------------+----------------+
; Module Name             ; Machine Hostname ; OS Name    ; OS Version ; Processor type ;
+-------------------------+------------------+------------+------------+----------------+
; Analysis & Synthesis    ; td_dell_d610     ; Windows XP ; 5.1        ; i686           ;
; Fitter                  ; td_dell_d610     ; Windows XP ; 5.1        ; i686           ;
; Assembler               ; td_dell_d610     ; Windows XP ; 5.1        ; i686           ;
; Classic Timing Analyzer ; td_dell_d610     ; Windows XP ; 5.1        ; i686           ;
+-------------------------+------------------+------------+------------+----------------+


------------
; Flow Log ;
------------
quartus_map --read_settings_files=on --write_settings_files=off Nahoda -c Nahoda
quartus_fit --read_settings_files=off --write_settings_files=off Nahoda -c Nahoda
quartus_asm --read_settings_files=off --write_settings_files=off Nahoda -c Nahoda
quartus_tan --read_settings_files=off --write_settings_files=off Nahoda -c Nahoda --timing_analysis_only



