Classic Timing Analyzer report for parita
Wed Dec 17 14:22:46 2014
Quartus II Version 9.1 Build 222 10/21/2009 SJ Web Edition


---------------------
; Table of Contents ;
---------------------
  1. Legal Notice
  2. Timing Analyzer Summary
  3. Timing Analyzer Settings
  4. Parallel Compilation
  5. tpd
  6. Timing Analyzer Messages



----------------
; Legal Notice ;
----------------
Copyright (C) 1991-2009 Altera Corporation
Your use of Altera Corporation's design tools, logic functions 
and other software and tools, and its AMPP partner logic 
functions, and any output files from any of the foregoing 
(including device programming or simulation files), and any 
associated documentation or information are expressly subject 
to the terms and conditions of the Altera Program License 
Subscription Agreement, Altera MegaCore Function License 
Agreement, or other applicable license agreement, including, 
without limitation, that your use is for the sole purpose of 
programming logic devices manufactured by Altera and sold by 
Altera or its authorized distributors.  Please refer to the 
applicable agreement for further details.



+-----------------------------------------------------------------------------------------------------------------------+
; Timing Analyzer Summary                                                                                               ;
+------------------------------+-------+---------------+-------------+------+----+------------+----------+--------------+
; Type                         ; Slack ; Required Time ; Actual Time ; From ; To ; From Clock ; To Clock ; Failed Paths ;
+------------------------------+-------+---------------+-------------+------+----+------------+----------+--------------+
; Worst-case tpd               ; N/A   ; None          ; 13.594 ns   ; F    ; 2  ; --         ; --       ; 0            ;
; Total number of failed paths ;       ;               ;             ;      ;    ;            ;          ; 0            ;
+------------------------------+-------+---------------+-------------+------+----+------------+----------+--------------+


+-----------------------------------------------------------------------------------------------------------------------------------------------------+
; Timing Analyzer Settings                                                                                                                            ;
+------------------------------------------------------------------------------------------------------+--------------------+------+----+-------------+
; Option                                                                                               ; Setting            ; From ; To ; Entity Name ;
+------------------------------------------------------------------------------------------------------+--------------------+------+----+-------------+
; Device Name                                                                                          ; EP2C5T144C8        ;      ;    ;             ;
; Timing Models                                                                                        ; Final              ;      ;    ;             ;
; Default hold multicycle                                                                              ; Same as Multicycle ;      ;    ;             ;
; Cut paths between unrelated clock domains                                                            ; On                 ;      ;    ;             ;
; Cut off read during write signal paths                                                               ; On                 ;      ;    ;             ;
; Cut off feedback from I/O pins                                                                       ; On                 ;      ;    ;             ;
; Report Combined Fast/Slow Timing                                                                     ; Off                ;      ;    ;             ;
; Ignore Clock Settings                                                                                ; Off                ;      ;    ;             ;
; Analyze latches as synchronous elements                                                              ; On                 ;      ;    ;             ;
; Enable Recovery/Removal analysis                                                                     ; Off                ;      ;    ;             ;
; Enable Clock Latency                                                                                 ; Off                ;      ;    ;             ;
; Use TimeQuest Timing Analyzer                                                                        ; Off                ;      ;    ;             ;
; Minimum Core Junction Temperature                                                                    ; 0                  ;      ;    ;             ;
; Maximum Core Junction Temperature                                                                    ; 85                 ;      ;    ;             ;
; Number of source nodes to report per destination node                                                ; 10                 ;      ;    ;             ;
; Number of destination nodes to report                                                                ; 10                 ;      ;    ;             ;
; Number of paths to report                                                                            ; 200                ;      ;    ;             ;
; Report Minimum Timing Checks                                                                         ; Off                ;      ;    ;             ;
; Use Fast Timing Models                                                                               ; Off                ;      ;    ;             ;
; Report IO Paths Separately                                                                           ; Off                ;      ;    ;             ;
; Perform Multicorner Analysis                                                                         ; On                 ;      ;    ;             ;
; Reports the worst-case path for each clock domain and analysis                                       ; Off                ;      ;    ;             ;
; Reports worst-case timing paths for each clock domain and analysis                                   ; On                 ;      ;    ;             ;
; Specifies the maximum number of worst-case timing paths to report for each clock domain and analysis ; 100                ;      ;    ;             ;
; Removes common clock path pessimism (CCPP) during slack computation                                  ; Off                ;      ;    ;             ;
; Output I/O Timing Endpoint                                                                           ; Near End           ;      ;    ;             ;
+------------------------------------------------------------------------------------------------------+--------------------+------+----+-------------+


Parallel compilation was disabled, but you have multiple processors available. Enable parallel compilation to reduce compilation time.
+-------------------------------------+
; Parallel Compilation                ;
+----------------------------+--------+
; Processors                 ; Number ;
+----------------------------+--------+
; Number detected on machine ; 2      ;
; Maximum allowed            ; 1      ;
+----------------------------+--------+


+---------------------------------------------------------+
; tpd                                                     ;
+-------+-------------------+-----------------+------+----+
; Slack ; Required P2P Time ; Actual P2P Time ; From ; To ;
+-------+-------------------+-----------------+------+----+
; N/A   ; None              ; 13.594 ns       ; F    ; 2  ;
; N/A   ; None              ; 13.529 ns       ; H    ; 2  ;
; N/A   ; None              ; 13.284 ns       ; G    ; 2  ;
; N/A   ; None              ; 13.251 ns       ; F    ; 1  ;
; N/A   ; None              ; 13.186 ns       ; H    ; 1  ;
; N/A   ; None              ; 12.941 ns       ; G    ; 1  ;
; N/A   ; None              ; 12.826 ns       ; B    ; 2  ;
; N/A   ; None              ; 12.734 ns       ; C    ; 2  ;
; N/A   ; None              ; 12.652 ns       ; A    ; 2  ;
; N/A   ; None              ; 12.593 ns       ; D    ; 2  ;
; N/A   ; None              ; 12.569 ns       ; E    ; 2  ;
; N/A   ; None              ; 12.483 ns       ; B    ; 1  ;
; N/A   ; None              ; 12.391 ns       ; C    ; 1  ;
; N/A   ; None              ; 12.309 ns       ; A    ; 1  ;
; N/A   ; None              ; 12.250 ns       ; D    ; 1  ;
; N/A   ; None              ; 12.226 ns       ; E    ; 1  ;
+-------+-------------------+-----------------+------+----+


+--------------------------+
; Timing Analyzer Messages ;
+--------------------------+
Info: *******************************************************************
Info: Running Quartus II Classic Timing Analyzer
    Info: Version 9.1 Build 222 10/21/2009 SJ Web Edition
    Info: Processing started: Wed Dec 17 14:22:46 2014
Info: Command: quartus_tan --read_settings_files=off --write_settings_files=off parita -c parita --timing_analysis_only
Info: Longest tpd from source pin "F" to destination pin "2" is 13.594 ns
    Info: 1: + IC(0.000 ns) + CELL(0.965 ns) = 0.965 ns; Loc. = PIN_75; Fanout = 1; PIN Node = 'F'
    Info: 2: + IC(5.718 ns) + CELL(0.650 ns) = 7.333 ns; Loc. = LCCOMB_X27_Y5_N26; Fanout = 1; COMB Node = 'inst6~1'
    Info: 3: + IC(0.357 ns) + CELL(0.624 ns) = 8.314 ns; Loc. = LCCOMB_X27_Y5_N28; Fanout = 2; COMB Node = 'inst6'
    Info: 4: + IC(2.044 ns) + CELL(3.236 ns) = 13.594 ns; Loc. = PIN_63; Fanout = 0; PIN Node = '2'
    Info: Total cell delay = 5.475 ns ( 40.28 % )
    Info: Total interconnect delay = 8.119 ns ( 59.72 % )
Info: Quartus II Classic Timing Analyzer was successful. 0 errors, 0 warnings
    Info: Peak virtual memory: 161 megabytes
    Info: Processing ended: Wed Dec 17 14:22:48 2014
    Info: Elapsed time: 00:00:02
    Info: Total CPU time (on all processors): 00:00:00


